#
# A fatal error has been detected by the Java Runtime Environment:
#
#  SIGSEGV (0xb) at pc=0x00007fc0e56e4677, pid=10963, tid=10985
#
# JRE version: Java(TM) SE Runtime Environment (9.0+11) (build 9.0.4+11)
# Java VM: Java HotSpot(TM) 64-Bit Server VM (9.0.4+11, mixed mode, tiered, compressed oops, g1 gc, linux-amd64)
# Problematic frame:
# V  [libjvm.so+0x7a6677]  GenerateOopMap::mark_bbheaders_and_count_gc_points()+0x487
#
# Core dump will be written. Default location: Core dumps may be processed with "/usr/share/apport/apport %p %s %c %d %P" (or dumping to /home/jauzmera/IdeaProjects/codility/core.10963)
#
# If you would like to submit a bug report, please visit:
#   http://bugreport.java.com/bugreport/crash.jsp
#

---------------  S U M M A R Y ------------

Command Line: -agentlib:jdwp=transport=dt_socket,address=127.0.0.1:34209,suspend=y,server=n -ea -Didea.test.cyclic.buffer.size=1048576 -javaagent:/home/jauzmera/dev/idea-IC-173.4127.27/lib/rt/debugger-agent.jar=/tmp/capture.props -Dfile.encoding=UTF-8 com.intellij.rt.execution.junit.JUnitStarter -ideVersion5 -junit4 EarliestValidHourTest,testSolution

Host: Intel(R) Core(TM) i7-5500U CPU @ 2.40GHz, 4 cores, 15G, Ubuntu 16.04.4 LTS
Time: Mon Mar 26 21:09:52 2018 -03 elapsed time: 1799 seconds (0d 0h 29m 59s)

---------------  T H R E A D  ---------------

Current thread (0x00007fc0e01f6000):  VMThread "VM Thread" [stack: 0x00007fc0a4e5c000,0x00007fc0a4f5c000] [id=10985]

Stack: [0x00007fc0a4e5c000,0x00007fc0a4f5c000],  sp=0x00007fc0a4f5a6b0,  free space=1017k
Native frames: (J=compiled Java code, A=aot compiled Java code, j=interpreted, Vv=VM code, C=native code)
V  [libjvm.so+0x7a6677]  GenerateOopMap::mark_bbheaders_and_count_gc_points()+0x487
V  [libjvm.so+0x7b05ec]  GenerateOopMap::compute_map(Thread*)+0x25c
V  [libjvm.so+0xb5a587]  OopMapForCacheEntry::compute_map(Thread*)+0x67
V  [libjvm.so+0xb5b1fc]  OopMapCacheEntry::fill(methodHandle, int)+0x12c
V  [libjvm.so+0xb5ba42]  OopMapCache::compute_one_oop_map(methodHandle const&, int, InterpreterOopMap*)+0x102
V  [libjvm.so+0xb5bd56]  OopMapCache::lookup(methodHandle const&, int, InterpreterOopMap*) const+0x216
V  [libjvm.so+0xafb584]  Method::mask_for(int, InterpreterOopMap*)+0x74
V  [libjvm.so+0x9a5a4d]  VM_GetOrSetLocal::doit()+0x4d
V  [libjvm.so+0xd5d4f9]  VM_Operation::evaluate()+0x59
V  [libjvm.so+0xd5b243]  VMThread::evaluate_operation(VM_Operation*)+0xc3
V  [libjvm.so+0xd5b7b0]  VMThread::loop()+0x210
V  [libjvm.so+0xd5bcc2]  VMThread::run()+0x72
V  [libjvm.so+0xb6e132]  thread_native_entry(Thread*)+0xf2


siginfo: si_signo: 11 (SIGSEGV), si_code: 128 (SI_KERNEL), si_addr: 0x0000000000000000

Register to memory mapping:

RAX=0x00007fc0e01927e0 is an unknown value
RBX=0x000000000000008a is an unknown value
RCX=0x00000000ffff8492 is an unknown value
RDX=0x03fffffffffffe12 is an unknown value
RSP=0x00007fc0a4f5a6b0 is an unknown value
RBP=0x00007fc0a4f5a750 is an unknown value
RSI=0xffffffffffff8492 is an unknown value
RDI=0x0000000000040000 is an unknown value
R8 =0x0000000000000002 is an unknown value
R9 =0x0000000000000018 is an unknown value
R10=0x00007fc0a4f5abf0 is an unknown value
R11=0x002b429699735a8c is an unknown value
R12=0x000000000000008a is an unknown value
R13=0x00007fc0a57a1f8a is pointing into metadata
R14=0x00007fc0a4f5a900 is an unknown value
R15=0x00000000000000c7 is an unknown value


Registers:
RAX=0x00007fc0e01927e0, RBX=0x000000000000008a, RCX=0x00000000ffff8492, RDX=0x03fffffffffffe12
RSP=0x00007fc0a4f5a6b0, RBP=0x00007fc0a4f5a750, RSI=0xffffffffffff8492, RDI=0x0000000000040000
R8 =0x0000000000000002, R9 =0x0000000000000018, R10=0x00007fc0a4f5abf0, R11=0x002b429699735a8c
R12=0x000000000000008a, R13=0x00007fc0a57a1f8a, R14=0x00007fc0a4f5a900, R15=0x00000000000000c7
RIP=0x00007fc0e56e4677, EFLAGS=0x0000000000010a06, CSGSFS=0x002b000000000033, ERR=0x0000000000000000
  TRAPNO=0x000000000000000d

Top of Stack: (sp=0x00007fc0a4f5a6b0)
0x00007fc0a4f5a6b0:   00007fc0a4f5a918 00000000000000ca
0x00007fc0a4f5a6c0:   00007fc0a57a1f8a 00007fc0a4f5a6e0
0x00007fc0a4f5a6d0:   00007fc0a4f5a970 00007fc0a4f5a6f0
0x00007fc0a4f5a6e0:   0000000000000000 00007fc0e0192730 

Instructions: (pc=0x00007fc0e56e4677)
0x00007fc0e56e4657:   01 bf 01 00 00 00 66 c1 c8 08 98 42 8d 0c 20 49
0x00007fc0e56e4667:   8b 46 70 48 63 f1 48 d3 e7 48 89 f2 48 c1 ea 06
0x00007fc0e56e4677:   48 85 3c d0 75 17 48 8b 7d 80 ba 01 00 00 00 e8
0x00007fc0e56e4687:   95 af cc ff 41 83 46 6c 01 49 8b 46 70 41 8d 4c 

VM_Operation (0x00007fc09c1a6a80): GetOrSetLocal, mode: safepoint, requested by thread 0x00007fc0e030c800


---------------  P R O C E S S  ---------------

Java Threads: ( => current thread )
  0x00007fc0e035c800 JavaThread "Service Thread" daemon [_thread_blocked, id=11007, stack(0x00007fc08ddfe000,0x00007fc08deff000)]
  0x00007fc05c001000 JavaThread "JDWP Command Reader" daemon [_thread_in_native, id=11006, stack(0x00007fc08deff000,0x00007fc08e000000)]
  0x00007fc0e0311000 JavaThread "JDWP Event Helper Thread" daemon [_thread_blocked, id=11005, stack(0x00007fc0940a7000,0x00007fc0941a8000)]
  0x00007fc0e030c800 JavaThread "JDWP Transport Listener: dt_socket" daemon [_thread_blocked, id=11003, stack(0x00007fc09c0a7000,0x00007fc09c1a8000)]
  0x00007fc0e0266800 JavaThread "Common-Cleaner" daemon [_thread_blocked, id=10999, stack(0x00007fc0a422b000,0x00007fc0a432c000)]
  0x00007fc0e022a000 JavaThread "Sweeper thread" daemon [_thread_blocked, id=10998, stack(0x00007fc0a4754000,0x00007fc0a4855000)]
  0x00007fc0e0228000 JavaThread "C1 CompilerThread2" daemon [_thread_blocked, id=10997, stack(0x00007fc0a4855000,0x00007fc0a4956000)]
  0x00007fc0e0226000 JavaThread "C2 CompilerThread1" daemon [_thread_blocked, id=10996, stack(0x00007fc0a4956000,0x00007fc0a4a57000)]
  0x00007fc0e0224000 JavaThread "C2 CompilerThread0" daemon [_thread_blocked, id=10994, stack(0x00007fc0a4a57000,0x00007fc0a4b58000)]
  0x00007fc0e0222800 JavaThread "Signal Dispatcher" daemon [_thread_blocked, id=10993, stack(0x00007fc0a4b58000,0x00007fc0a4c59000)]
  0x00007fc0e0208000 JavaThread "Finalizer" daemon [_thread_blocked, id=10990, stack(0x00007fc0a4c59000,0x00007fc0a4d5a000)]
  0x00007fc0e0200000 JavaThread "Reference Handler" daemon [_thread_blocked, id=10986, stack(0x00007fc0a4d5a000,0x00007fc0a4e5b000)]
  0x00007fc0e0016000 JavaThread "main" [_thread_blocked, id=10968, stack(0x00007fc0e6fd9000,0x00007fc0e70d9000)]

Other Threads:
=>0x00007fc0e01f6000 VMThread "VM Thread" [stack: 0x00007fc0a4e5c000,0x00007fc0a4f5c000] [id=10985]
  0x00007fc0e0360800 WatcherThread [stack: 0x00007fc08dcfe000,0x00007fc08ddfe000] [id=11008]
  0x00007fc0e002e000 GCTaskThread "GC Thread#0" [stack: 0x00007fc0c4a0b000,0x00007fc0c4b0b000] [id=10971]
  0x00007fc0e002f800 GCTaskThread "GC Thread#1" [stack: 0x00007fc0c490a000,0x00007fc0c4a0a000] [id=10972]
  0x00007fc0e0031000 GCTaskThread "GC Thread#2" [stack: 0x00007fc0c4809000,0x00007fc0c4909000] [id=10973]
  0x00007fc0e0033000 GCTaskThread "GC Thread#3" [stack: 0x00007fc0c4708000,0x00007fc0c4808000] [id=10975]
  0x00007fc0e0082800 ConcurrentGCThread "G1 Main Marker" [stack: 0x00007fc0a5cd8000,0x00007fc0a5dd8000] [id=10982]
  0x00007fc0e0084000 ConcurrentGCThread "G1 Marker#0" [stack: 0x00007fc0a5bd7000,0x00007fc0a5cd7000] [id=10983]
  0x00007fc0e003a000 ConcurrentGCThread "G1 Refine#0" [stack: 0x00007fc0a7f00000,0x00007fc0a8000000] [id=10979]
  0x00007fc0e0038800 ConcurrentGCThread "G1 Refine#1" [stack: 0x00007fc0c4001000,0x00007fc0c4101000] [id=10978]
  0x00007fc0e0036800 ConcurrentGCThread "G1 Refine#2" [stack: 0x00007fc0c4102000,0x00007fc0c4202000] [id=10977]
  0x00007fc0e0035000 ConcurrentGCThread "G1 Refine#3" [stack: 0x00007fc0c4203000,0x00007fc0c4303000] [id=10976]
  0x00007fc0e003c000 ConcurrentGCThread "G1 Young RemSet Sampling" [stack: 0x00007fc0a7dff000,0x00007fc0a7eff000] [id=10981]

Threads with active compile tasks:

VM state:at safepoint (normal execution)

VM Mutex/Monitor currently owned by a thread:  ([mutex/lock_event])
[0x00007fc0e0012710] Threads_lock - owner thread: 0x00007fc0e01f6000

Heap address: 0x00000006c6a00000, size: 3990 MB, Compressed Oops mode: Zero based, Oop shift amount: 3
Narrow klass base: 0x0000000000000000, Narrow klass shift: 3
Compressed class space size: 1073741824 Address: 0x00000007c0000000

Heap:
 garbage-first heap   total 256000K, used 9216K [0x00000006c6a00000, 0x00000006c6b007d0, 0x00000007c0000000)
  region size 1024K, 10 young (10240K), 0 survivors (0K)
 Metaspace       used 9361K, capacity 9628K, committed 9984K, reserved 1058816K
  class space    used 867K, capacity 915K, committed 1024K, reserved 1048576K
Heap Regions: E=young(eden), S=young(survivor), O=old, HS=humongous(starts), HC=humongous(continues), CS=collection set, F=free, A=archive, TS=gc time stamp, AC=allocation context, TAMS=top-at-mark-start (previous, next)
|   0|0x00000006c6a00000, 0x00000006c6a00000, 0x00000006c6b00000|  0%| F|  |TS  0|AC  0|TAMS 0x00000006c6a00000, 0x00000006c6a00000|
|   1|0x00000006c6b00000, 0x00000006c6b00000, 0x00000006c6c00000|  0%| F|  |TS  0|AC  0|TAMS 0x00000006c6b00000, 0x00000006c6b00000|
|   2|0x00000006c6c00000, 0x00000006c6c00000, 0x00000006c6d00000|  0%| F|  |TS  0|AC  0|TAMS 0x00000006c6c00000, 0x00000006c6c00000|
|   3|0x00000006c6d00000, 0x00000006c6d00000, 0x00000006c6e00000|  0%| F|  |TS  0|AC  0|TAMS 0x00000006c6d00000, 0x00000006c6d00000|
|   4|0x00000006c6e00000, 0x00000006c6e00000, 0x00000006c6f00000|  0%| F|  |TS  0|AC  0|TAMS 0x00000006c6e00000, 0x00000006c6e00000|
|   5|0x00000006c6f00000, 0x00000006c6f00000, 0x00000006c7000000|  0%| F|  |TS  0|AC  0|TAMS 0x00000006c6f00000, 0x00000006c6f00000|
|   6|0x00000006c7000000, 0x00000006c7000000, 0x00000006c7100000|  0%| F|  |TS  0|AC  0|TAMS 0x00000006c7000000, 0x00000006c7000000|
|   7|0x00000006c7100000, 0x00000006c7100000, 0x00000006c7200000|  0%| F|  |TS  0|AC  0|TAMS 0x00000006c7100000, 0x00000006c7100000|
|   8|0x00000006c7200000, 0x00000006c7200000, 0x00000006c7300000|  0%| F|  |TS  0|AC  0|TAMS 0x00000006c7200000, 0x00000006c7200000|
|   9|0x00000006c7300000, 0x00000006c7300000, 0x00000006c7400000|  0%| F|  |TS  0|AC  0|TAMS 0x00000006c7300000, 0x00000006c7300000|
|  10|0x00000006c7400000, 0x00000006c7400000, 0x00000006c7500000|  0%| F|  |TS  0|AC  0|TAMS 0x00000006c7400000, 0x00000006c7400000|
|  11|0x00000006c7500000, 0x00000006c7500000, 0x00000006c7600000|  0%| F|  |TS  0|AC  0|TAMS 0x00000006c7500000, 0x00000006c7500000|
|  12|0x00000006c7600000, 0x00000006c7600000, 0x00000006c7700000|  0%| F|  |TS  0|AC  0|TAMS 0x00000006c7600000, 0x00000006c7600000|
|  13|0x00000006c7700000, 0x00000006c7700000, 0x00000006c7800000|  0%| F|  |TS  0|AC  0|TAMS 0x00000006c7700000, 0x00000006c7700000|
|  14|0x00000006c7800000, 0x00000006c7800000, 0x00000006c7900000|  0%| F|  |TS  0|AC  0|TAMS 0x00000006c7800000, 0x00000006c7800000|
|  15|0x00000006c7900000, 0x00000006c7900000, 0x00000006c7a00000|  0%| F|  |TS  0|AC  0|TAMS 0x00000006c7900000, 0x00000006c7900000|
|  16|0x00000006c7a00000, 0x00000006c7a00000, 0x00000006c7b00000|  0%| F|  |TS  0|AC  0|TAMS 0x00000006c7a00000, 0x00000006c7a00000|
|  17|0x00000006c7b00000, 0x00000006c7b00000, 0x00000006c7c00000|  0%| F|  |TS  0|AC  0|TAMS 0x00000006c7b00000, 0x00000006c7b00000|
|  18|0x00000006c7c00000, 0x00000006c7c00000, 0x00000006c7d00000|  0%| F|  |TS  0|AC  0|TAMS 0x00000006c7c00000, 0x00000006c7c00000|
|  19|0x00000006c7d00000, 0x00000006c7d00000, 0x00000006c7e00000|  0%| F|  |TS  0|AC  0|TAMS 0x00000006c7d00000, 0x00000006c7d00000|
|  20|0x00000006c7e00000, 0x00000006c7e00000, 0x00000006c7f00000|  0%| F|  |TS  0|AC  0|TAMS 0x00000006c7e00000, 0x00000006c7e00000|
|  21|0x00000006c7f00000, 0x00000006c7f00000, 0x00000006c8000000|  0%| F|  |TS  0|AC  0|TAMS 0x00000006c7f00000, 0x00000006c7f00000|
|  22|0x00000006c8000000, 0x00000006c8000000, 0x00000006c8100000|  0%| F|  |TS  0|AC  0|TAMS 0x00000006c8000000, 0x00000006c8000000|
|  23|0x00000006c8100000, 0x00000006c8100000, 0x00000006c8200000|  0%| F|  |TS  0|AC  0|TAMS 0x00000006c8100000, 0x00000006c8100000|
|  24|0x00000006c8200000, 0x00000006c8200000, 0x00000006c8300000|  0%| F|  |TS  0|AC  0|TAMS 0x00000006c8200000, 0x00000006c8200000|
|  25|0x00000006c8300000, 0x00000006c8300000, 0x00000006c8400000|  0%| F|  |TS  0|AC  0|TAMS 0x00000006c8300000, 0x00000006c8300000|
|  26|0x00000006c8400000, 0x00000006c8400000, 0x00000006c8500000|  0%| F|  |TS  0|AC  0|TAMS 0x00000006c8400000, 0x00000006c8400000|
|  27|0x00000006c8500000, 0x00000006c8500000, 0x00000006c8600000|  0%| F|  |TS  0|AC  0|TAMS 0x00000006c8500000, 0x00000006c8500000|
|  28|0x00000006c8600000, 0x00000006c8600000, 0x00000006c8700000|  0%| F|  |TS  0|AC  0|TAMS 0x00000006c8600000, 0x00000006c8600000|
|  29|0x00000006c8700000, 0x00000006c8700000, 0x00000006c8800000|  0%| F|  |TS  0|AC  0|TAMS 0x00000006c8700000, 0x00000006c8700000|
|  30|0x00000006c8800000, 0x00000006c8800000, 0x00000006c8900000|  0%| F|  |TS  0|AC  0|TAMS 0x00000006c8800000, 0x00000006c8800000|
|  31|0x00000006c8900000, 0x00000006c8900000, 0x00000006c8a00000|  0%| F|  |TS  0|AC  0|TAMS 0x00000006c8900000, 0x00000006c8900000|
|  32|0x00000006c8a00000, 0x00000006c8a00000, 0x00000006c8b00000|  0%| F|  |TS  0|AC  0|TAMS 0x00000006c8a00000, 0x00000006c8a00000|
|  33|0x00000006c8b00000, 0x00000006c8b00000, 0x00000006c8c00000|  0%| F|  |TS  0|AC  0|TAMS 0x00000006c8b00000, 0x00000006c8b00000|
|  34|0x00000006c8c00000, 0x00000006c8c00000, 0x00000006c8d00000|  0%| F|  |TS  0|AC  0|TAMS 0x00000006c8c00000, 0x00000006c8c00000|
|  35|0x00000006c8d00000, 0x00000006c8d00000, 0x00000006c8e00000|  0%| F|  |TS  0|AC  0|TAMS 0x00000006c8d00000, 0x00000006c8d00000|
|  36|0x00000006c8e00000, 0x00000006c8e00000, 0x00000006c8f00000|  0%| F|  |TS  0|AC  0|TAMS 0x00000006c8e00000, 0x00000006c8e00000|
|  37|0x00000006c8f00000, 0x00000006c8f00000, 0x00000006c9000000|  0%| F|  |TS  0|AC  0|TAMS 0x00000006c8f00000, 0x00000006c8f00000|
|  38|0x00000006c9000000, 0x00000006c9000000, 0x00000006c9100000|  0%| F|  |TS  0|AC  0|TAMS 0x00000006c9000000, 0x00000006c9000000|
|  39|0x00000006c9100000, 0x00000006c9100000, 0x00000006c9200000|  0%| F|  |TS  0|AC  0|TAMS 0x00000006c9100000, 0x00000006c9100000|
|  40|0x00000006c9200000, 0x00000006c9200000, 0x00000006c9300000|  0%| F|  |TS  0|AC  0|TAMS 0x00000006c9200000, 0x00000006c9200000|
|  41|0x00000006c9300000, 0x00000006c9300000, 0x00000006c9400000|  0%| F|  |TS  0|AC  0|TAMS 0x00000006c9300000, 0x00000006c9300000|
|  42|0x00000006c9400000, 0x00000006c9400000, 0x00000006c9500000|  0%| F|  |TS  0|AC  0|TAMS 0x00000006c9400000, 0x00000006c9400000|
|  43|0x00000006c9500000, 0x00000006c9500000, 0x00000006c9600000|  0%| F|  |TS  0|AC  0|TAMS 0x00000006c9500000, 0x00000006c9500000|
|  44|0x00000006c9600000, 0x00000006c9600000, 0x00000006c9700000|  0%| F|  |TS  0|AC  0|TAMS 0x00000006c9600000, 0x00000006c9600000|
|  45|0x00000006c9700000, 0x00000006c9700000, 0x00000006c9800000|  0%| F|  |TS  0|AC  0|TAMS 0x00000006c9700000, 0x00000006c9700000|
|  46|0x00000006c9800000, 0x00000006c9800000, 0x00000006c9900000|  0%| F|  |TS  0|AC  0|TAMS 0x00000006c9800000, 0x00000006c9800000|
|  47|0x00000006c9900000, 0x00000006c9900000, 0x00000006c9a00000|  0%| F|  |TS  0|AC  0|TAMS 0x00000006c9900000, 0x00000006c9900000|
|  48|0x00000006c9a00000, 0x00000006c9a00000, 0x00000006c9b00000|  0%| F|  |TS  0|AC  0|TAMS 0x00000006c9a00000, 0x00000006c9a00000|
|  49|0x00000006c9b00000, 0x00000006c9b00000, 0x00000006c9c00000|  0%| F|  |TS  0|AC  0|TAMS 0x00000006c9b00000, 0x00000006c9b00000|
|  50|0x00000006c9c00000, 0x00000006c9c00000, 0x00000006c9d00000|  0%| F|  |TS  0|AC  0|TAMS 0x00000006c9c00000, 0x00000006c9c00000|
|  51|0x00000006c9d00000, 0x00000006c9d00000, 0x00000006c9e00000|  0%| F|  |TS  0|AC  0|TAMS 0x00000006c9d00000, 0x00000006c9d00000|
|  52|0x00000006c9e00000, 0x00000006c9e00000, 0x00000006c9f00000|  0%| F|  |TS  0|AC  0|TAMS 0x00000006c9e00000, 0x00000006c9e00000|
|  53|0x00000006c9f00000, 0x00000006c9f00000, 0x00000006ca000000|  0%| F|  |TS  0|AC  0|TAMS 0x00000006c9f00000, 0x00000006c9f00000|
|  54|0x00000006ca000000, 0x00000006ca000000, 0x00000006ca100000|  0%| F|  |TS  0|AC  0|TAMS 0x00000006ca000000, 0x00000006ca000000|
|  55|0x00000006ca100000, 0x00000006ca100000, 0x00000006ca200000|  0%| F|  |TS  0|AC  0|TAMS 0x00000006ca100000, 0x00000006ca100000|
|  56|0x00000006ca200000, 0x00000006ca200000, 0x00000006ca300000|  0%| F|  |TS  0|AC  0|TAMS 0x00000006ca200000, 0x00000006ca200000|
|  57|0x00000006ca300000, 0x00000006ca300000, 0x00000006ca400000|  0%| F|  |TS  0|AC  0|TAMS 0x00000006ca300000, 0x00000006ca300000|
|  58|0x00000006ca400000, 0x00000006ca400000, 0x00000006ca500000|  0%| F|  |TS  0|AC  0|TAMS 0x00000006ca400000, 0x00000006ca400000|
|  59|0x00000006ca500000, 0x00000006ca500000, 0x00000006ca600000|  0%| F|  |TS  0|AC  0|TAMS 0x00000006ca500000, 0x00000006ca500000|
|  60|0x00000006ca600000, 0x00000006ca600000, 0x00000006ca700000|  0%| F|  |TS  0|AC  0|TAMS 0x00000006ca600000, 0x00000006ca600000|
|  61|0x00000006ca700000, 0x00000006ca700000, 0x00000006ca800000|  0%| F|  |TS  0|AC  0|TAMS 0x00000006ca700000, 0x00000006ca700000|
|  62|0x00000006ca800000, 0x00000006ca800000, 0x00000006ca900000|  0%| F|  |TS  0|AC  0|TAMS 0x00000006ca800000, 0x00000006ca800000|
|  63|0x00000006ca900000, 0x00000006ca900000, 0x00000006caa00000|  0%| F|  |TS  0|AC  0|TAMS 0x00000006ca900000, 0x00000006ca900000|
|  64|0x00000006caa00000, 0x00000006caa00000, 0x00000006cab00000|  0%| F|  |TS  0|AC  0|TAMS 0x00000006caa00000, 0x00000006caa00000|
|  65|0x00000006cab00000, 0x00000006cab00000, 0x00000006cac00000|  0%| F|  |TS  0|AC  0|TAMS 0x00000006cab00000, 0x00000006cab00000|
|  66|0x00000006cac00000, 0x00000006cac00000, 0x00000006cad00000|  0%| F|  |TS  0|AC  0|TAMS 0x00000006cac00000, 0x00000006cac00000|
|  67|0x00000006cad00000, 0x00000006cad00000, 0x00000006cae00000|  0%| F|  |TS  0|AC  0|TAMS 0x00000006cad00000, 0x00000006cad00000|
|  68|0x00000006cae00000, 0x00000006cae00000, 0x00000006caf00000|  0%| F|  |TS  0|AC  0|TAMS 0x00000006cae00000, 0x00000006cae00000|
|  69|0x00000006caf00000, 0x00000006caf00000, 0x00000006cb000000|  0%| F|  |TS  0|AC  0|TAMS 0x00000006caf00000, 0x00000006caf00000|
|  70|0x00000006cb000000, 0x00000006cb000000, 0x00000006cb100000|  0%| F|  |TS  0|AC  0|TAMS 0x00000006cb000000, 0x00000006cb000000|
|  71|0x00000006cb100000, 0x00000006cb100000, 0x00000006cb200000|  0%| F|  |TS  0|AC  0|TAMS 0x00000006cb100000, 0x00000006cb100000|
|  72|0x00000006cb200000, 0x00000006cb200000, 0x00000006cb300000|  0%| F|  |TS  0|AC  0|TAMS 0x00000006cb200000, 0x00000006cb200000|
|  73|0x00000006cb300000, 0x00000006cb300000, 0x00000006cb400000|  0%| F|  |TS  0|AC  0|TAMS 0x00000006cb300000, 0x00000006cb300000|
|  74|0x00000006cb400000, 0x00000006cb400000, 0x00000006cb500000|  0%| F|  |TS  0|AC  0|TAMS 0x00000006cb400000, 0x00000006cb400000|
|  75|0x00000006cb500000, 0x00000006cb500000, 0x00000006cb600000|  0%| F|  |TS  0|AC  0|TAMS 0x00000006cb500000, 0x00000006cb500000|
|  76|0x00000006cb600000, 0x00000006cb600000, 0x00000006cb700000|  0%| F|  |TS  0|AC  0|TAMS 0x00000006cb600000, 0x00000006cb600000|
|  77|0x00000006cb700000, 0x00000006cb700000, 0x00000006cb800000|  0%| F|  |TS  0|AC  0|TAMS 0x00000006cb700000, 0x00000006cb700000|
|  78|0x00000006cb800000, 0x00000006cb800000, 0x00000006cb900000|  0%| F|  |TS  0|AC  0|TAMS 0x00000006cb800000, 0x00000006cb800000|
|  79|0x00000006cb900000, 0x00000006cb900000, 0x00000006cba00000|  0%| F|  |TS  0|AC  0|TAMS 0x00000006cb900000, 0x00000006cb900000|
|  80|0x00000006cba00000, 0x00000006cba00000, 0x00000006cbb00000|  0%| F|  |TS  0|AC  0|TAMS 0x00000006cba00000, 0x00000006cba00000|
|  81|0x00000006cbb00000, 0x00000006cbb00000, 0x00000006cbc00000|  0%| F|  |TS  0|AC  0|TAMS 0x00000006cbb00000, 0x00000006cbb00000|
|  82|0x00000006cbc00000, 0x00000006cbc00000, 0x00000006cbd00000|  0%| F|  |TS  0|AC  0|TAMS 0x00000006cbc00000, 0x00000006cbc00000|
|  83|0x00000006cbd00000, 0x00000006cbd00000, 0x00000006cbe00000|  0%| F|  |TS  0|AC  0|TAMS 0x00000006cbd00000, 0x00000006cbd00000|
|  84|0x00000006cbe00000, 0x00000006cbe00000, 0x00000006cbf00000|  0%| F|  |TS  0|AC  0|TAMS 0x00000006cbe00000, 0x00000006cbe00000|
|  85|0x00000006cbf00000, 0x00000006cbf00000, 0x00000006cc000000|  0%| F|  |TS  0|AC  0|TAMS 0x00000006cbf00000, 0x00000006cbf00000|
|  86|0x00000006cc000000, 0x00000006cc000000, 0x00000006cc100000|  0%| F|  |TS  0|AC  0|TAMS 0x00000006cc000000, 0x00000006cc000000|
|  87|0x00000006cc100000, 0x00000006cc100000, 0x00000006cc200000|  0%| F|  |TS  0|AC  0|TAMS 0x00000006cc100000, 0x00000006cc100000|
|  88|0x00000006cc200000, 0x00000006cc200000, 0x00000006cc300000|  0%| F|  |TS  0|AC  0|TAMS 0x00000006cc200000, 0x00000006cc200000|
|  89|0x00000006cc300000, 0x00000006cc300000, 0x00000006cc400000|  0%| F|  |TS  0|AC  0|TAMS 0x00000006cc300000, 0x00000006cc300000|
|  90|0x00000006cc400000, 0x00000006cc400000, 0x00000006cc500000|  0%| F|  |TS  0|AC  0|TAMS 0x00000006cc400000, 0x00000006cc400000|
|  91|0x00000006cc500000, 0x00000006cc500000, 0x00000006cc600000|  0%| F|  |TS  0|AC  0|TAMS 0x00000006cc500000, 0x00000006cc500000|
|  92|0x00000006cc600000, 0x00000006cc600000, 0x00000006cc700000|  0%| F|  |TS  0|AC  0|TAMS 0x00000006cc600000, 0x00000006cc600000|
|  93|0x00000006cc700000, 0x00000006cc700000, 0x00000006cc800000|  0%| F|  |TS  0|AC  0|TAMS 0x00000006cc700000, 0x00000006cc700000|
|  94|0x00000006cc800000, 0x00000006cc800000, 0x00000006cc900000|  0%| F|  |TS  0|AC  0|TAMS 0x00000006cc800000, 0x00000006cc800000|
|  95|0x00000006cc900000, 0x00000006cc900000, 0x00000006cca00000|  0%| F|  |TS  0|AC  0|TAMS 0x00000006cc900000, 0x00000006cc900000|
|  96|0x00000006cca00000, 0x00000006cca00000, 0x00000006ccb00000|  0%| F|  |TS  0|AC  0|TAMS 0x00000006cca00000, 0x00000006cca00000|
|  97|0x00000006ccb00000, 0x00000006ccb00000, 0x00000006ccc00000|  0%| F|  |TS  0|AC  0|TAMS 0x00000006ccb00000, 0x00000006ccb00000|
|  98|0x00000006ccc00000, 0x00000006ccc00000, 0x00000006ccd00000|  0%| F|  |TS  0|AC  0|TAMS 0x00000006ccc00000, 0x00000006ccc00000|
|  99|0x00000006ccd00000, 0x00000006ccd00000, 0x00000006cce00000|  0%| F|  |TS  0|AC  0|TAMS 0x00000006ccd00000, 0x00000006ccd00000|
| 100|0x00000006cce00000, 0x00000006cce00000, 0x00000006ccf00000|  0%| F|  |TS  0|AC  0|TAMS 0x00000006cce00000, 0x00000006cce00000|
| 101|0x00000006ccf00000, 0x00000006ccf00000, 0x00000006cd000000|  0%| F|  |TS  0|AC  0|TAMS 0x00000006ccf00000, 0x00000006ccf00000|
| 102|0x00000006cd000000, 0x00000006cd000000, 0x00000006cd100000|  0%| F|  |TS  0|AC  0|TAMS 0x00000006cd000000, 0x00000006cd000000|
| 103|0x00000006cd100000, 0x00000006cd100000, 0x00000006cd200000|  0%| F|  |TS  0|AC  0|TAMS 0x00000006cd100000, 0x00000006cd100000|
| 104|0x00000006cd200000, 0x00000006cd200000, 0x00000006cd300000|  0%| F|  |TS  0|AC  0|TAMS 0x00000006cd200000, 0x00000006cd200000|
| 105|0x00000006cd300000, 0x00000006cd300000, 0x00000006cd400000|  0%| F|  |TS  0|AC  0|TAMS 0x00000006cd300000, 0x00000006cd300000|
| 106|0x00000006cd400000, 0x00000006cd400000, 0x00000006cd500000|  0%| F|  |TS  0|AC  0|TAMS 0x00000006cd400000, 0x00000006cd400000|
| 107|0x00000006cd500000, 0x00000006cd500000, 0x00000006cd600000|  0%| F|  |TS  0|AC  0|TAMS 0x00000006cd500000, 0x00000006cd500000|
| 108|0x00000006cd600000, 0x00000006cd600000, 0x00000006cd700000|  0%| F|  |TS  0|AC  0|TAMS 0x00000006cd600000, 0x00000006cd600000|
| 109|0x00000006cd700000, 0x00000006cd700000, 0x00000006cd800000|  0%| F|  |TS  0|AC  0|TAMS 0x00000006cd700000, 0x00000006cd700000|
| 110|0x00000006cd800000, 0x00000006cd800000, 0x00000006cd900000|  0%| F|  |TS  0|AC  0|TAMS 0x00000006cd800000, 0x00000006cd800000|
| 111|0x00000006cd900000, 0x00000006cd900000, 0x00000006cda00000|  0%| F|  |TS  0|AC  0|TAMS 0x00000006cd900000, 0x00000006cd900000|
| 112|0x00000006cda00000, 0x00000006cda00000, 0x00000006cdb00000|  0%| F|  |TS  0|AC  0|TAMS 0x00000006cda00000, 0x00000006cda00000|
| 113|0x00000006cdb00000, 0x00000006cdb00000, 0x00000006cdc00000|  0%| F|  |TS  0|AC  0|TAMS 0x00000006cdb00000, 0x00000006cdb00000|
| 114|0x00000006cdc00000, 0x00000006cdc00000, 0x00000006cdd00000|  0%| F|  |TS  0|AC  0|TAMS 0x00000006cdc00000, 0x00000006cdc00000|
| 115|0x00000006cdd00000, 0x00000006cdd00000, 0x00000006cde00000|  0%| F|  |TS  0|AC  0|TAMS 0x00000006cdd00000, 0x00000006cdd00000|
| 116|0x00000006cde00000, 0x00000006cde00000, 0x00000006cdf00000|  0%| F|  |TS  0|AC  0|TAMS 0x00000006cde00000, 0x00000006cde00000|
| 117|0x00000006cdf00000, 0x00000006cdf00000, 0x00000006ce000000|  0%| F|  |TS  0|AC  0|TAMS 0x00000006cdf00000, 0x00000006cdf00000|
| 118|0x00000006ce000000, 0x00000006ce000000, 0x00000006ce100000|  0%| F|  |TS  0|AC  0|TAMS 0x00000006ce000000, 0x00000006ce000000|
| 119|0x00000006ce100000, 0x00000006ce100000, 0x00000006ce200000|  0%| F|  |TS  0|AC  0|TAMS 0x00000006ce100000, 0x00000006ce100000|
| 120|0x00000006ce200000, 0x00000006ce200000, 0x00000006ce300000|  0%| F|  |TS  0|AC  0|TAMS 0x00000006ce200000, 0x00000006ce200000|
| 121|0x00000006ce300000, 0x00000006ce300000, 0x00000006ce400000|  0%| F|  |TS  0|AC  0|TAMS 0x00000006ce300000, 0x00000006ce300000|
| 122|0x00000006ce400000, 0x00000006ce400000, 0x00000006ce500000|  0%| F|  |TS  0|AC  0|TAMS 0x00000006ce400000, 0x00000006ce400000|
| 123|0x00000006ce500000, 0x00000006ce500000, 0x00000006ce600000|  0%| F|  |TS  0|AC  0|TAMS 0x00000006ce500000, 0x00000006ce500000|
| 124|0x00000006ce600000, 0x00000006ce600000, 0x00000006ce700000|  0%| F|  |TS  0|AC  0|TAMS 0x00000006ce600000, 0x00000006ce600000|
| 125|0x00000006ce700000, 0x00000006ce700000, 0x00000006ce800000|  0%| F|  |TS  0|AC  0|TAMS 0x00000006ce700000, 0x00000006ce700000|
| 126|0x00000006ce800000, 0x00000006ce800000, 0x00000006ce900000|  0%| F|  |TS  0|AC  0|TAMS 0x00000006ce800000, 0x00000006ce800000|
| 127|0x00000006ce900000, 0x00000006ce900000, 0x00000006cea00000|  0%| F|  |TS  0|AC  0|TAMS 0x00000006ce900000, 0x00000006ce900000|
| 128|0x00000006cea00000, 0x00000006cea00000, 0x00000006ceb00000|  0%| F|  |TS  0|AC  0|TAMS 0x00000006cea00000, 0x00000006cea00000|
| 129|0x00000006ceb00000, 0x00000006ceb00000, 0x00000006cec00000|  0%| F|  |TS  0|AC  0|TAMS 0x00000006ceb00000, 0x00000006ceb00000|
| 130|0x00000006cec00000, 0x00000006cec00000, 0x00000006ced00000|  0%| F|  |TS  0|AC  0|TAMS 0x00000006cec00000, 0x00000006cec00000|
| 131|0x00000006ced00000, 0x00000006ced00000, 0x00000006cee00000|  0%| F|  |TS  0|AC  0|TAMS 0x00000006ced00000, 0x00000006ced00000|
| 132|0x00000006cee00000, 0x00000006cee00000, 0x00000006cef00000|  0%| F|  |TS  0|AC  0|TAMS 0x00000006cee00000, 0x00000006cee00000|
| 133|0x00000006cef00000, 0x00000006cef00000, 0x00000006cf000000|  0%| F|  |TS  0|AC  0|TAMS 0x00000006cef00000, 0x00000006cef00000|
| 134|0x00000006cf000000, 0x00000006cf000000, 0x00000006cf100000|  0%| F|  |TS  0|AC  0|TAMS 0x00000006cf000000, 0x00000006cf000000|
| 135|0x00000006cf100000, 0x00000006cf100000, 0x00000006cf200000|  0%| F|  |TS  0|AC  0|TAMS 0x00000006cf100000, 0x00000006cf100000|
| 136|0x00000006cf200000, 0x00000006cf200000, 0x00000006cf300000|  0%| F|  |TS  0|AC  0|TAMS 0x00000006cf200000, 0x00000006cf200000|
| 137|0x00000006cf300000, 0x00000006cf300000, 0x00000006cf400000|  0%| F|  |TS  0|AC  0|TAMS 0x00000006cf300000, 0x00000006cf300000|
| 138|0x00000006cf400000, 0x00000006cf400000, 0x00000006cf500000|  0%| F|  |TS  0|AC  0|TAMS 0x00000006cf400000, 0x00000006cf400000|
| 139|0x00000006cf500000, 0x00000006cf500000, 0x00000006cf600000|  0%| F|  |TS  0|AC  0|TAMS 0x00000006cf500000, 0x00000006cf500000|
| 140|0x00000006cf600000, 0x00000006cf600000, 0x00000006cf700000|  0%| F|  |TS  0|AC  0|TAMS 0x00000006cf600000, 0x00000006cf600000|
| 141|0x00000006cf700000, 0x00000006cf700000, 0x00000006cf800000|  0%| F|  |TS  0|AC  0|TAMS 0x00000006cf700000, 0x00000006cf700000|
| 142|0x00000006cf800000, 0x00000006cf800000, 0x00000006cf900000|  0%| F|  |TS  0|AC  0|TAMS 0x00000006cf800000, 0x00000006cf800000|
| 143|0x00000006cf900000, 0x00000006cf900000, 0x00000006cfa00000|  0%| F|  |TS  0|AC  0|TAMS 0x00000006cf900000, 0x00000006cf900000|
| 144|0x00000006cfa00000, 0x00000006cfa00000, 0x00000006cfb00000|  0%| F|  |TS  0|AC  0|TAMS 0x00000006cfa00000, 0x00000006cfa00000|
| 145|0x00000006cfb00000, 0x00000006cfb00000, 0x00000006cfc00000|  0%| F|  |TS  0|AC  0|TAMS 0x00000006cfb00000, 0x00000006cfb00000|
| 146|0x00000006cfc00000, 0x00000006cfc00000, 0x00000006cfd00000|  0%| F|  |TS  0|AC  0|TAMS 0x00000006cfc00000, 0x00000006cfc00000|
| 147|0x00000006cfd00000, 0x00000006cfd00000, 0x00000006cfe00000|  0%| F|  |TS  0|AC  0|TAMS 0x00000006cfd00000, 0x00000006cfd00000|
| 148|0x00000006cfe00000, 0x00000006cfe00000, 0x00000006cff00000|  0%| F|  |TS  0|AC  0|TAMS 0x00000006cfe00000, 0x00000006cfe00000|
| 149|0x00000006cff00000, 0x00000006cff00000, 0x00000006d0000000|  0%| F|  |TS  0|AC  0|TAMS 0x00000006cff00000, 0x00000006cff00000|
| 150|0x00000006d0000000, 0x00000006d0000000, 0x00000006d0100000|  0%| F|  |TS  0|AC  0|TAMS 0x00000006d0000000, 0x00000006d0000000|
| 151|0x00000006d0100000, 0x00000006d0100000, 0x00000006d0200000|  0%| F|  |TS  0|AC  0|TAMS 0x00000006d0100000, 0x00000006d0100000|
| 152|0x00000006d0200000, 0x00000006d0200000, 0x00000006d0300000|  0%| F|  |TS  0|AC  0|TAMS 0x00000006d0200000, 0x00000006d0200000|
| 153|0x00000006d0300000, 0x00000006d0300000, 0x00000006d0400000|  0%| F|  |TS  0|AC  0|TAMS 0x00000006d0300000, 0x00000006d0300000|
| 154|0x00000006d0400000, 0x00000006d0400000, 0x00000006d0500000|  0%| F|  |TS  0|AC  0|TAMS 0x00000006d0400000, 0x00000006d0400000|
| 155|0x00000006d0500000, 0x00000006d0500000, 0x00000006d0600000|  0%| F|  |TS  0|AC  0|TAMS 0x00000006d0500000, 0x00000006d0500000|
| 156|0x00000006d0600000, 0x00000006d0600000, 0x00000006d0700000|  0%| F|  |TS  0|AC  0|TAMS 0x00000006d0600000, 0x00000006d0600000|
| 157|0x00000006d0700000, 0x00000006d0700000, 0x00000006d0800000|  0%| F|  |TS  0|AC  0|TAMS 0x00000006d0700000, 0x00000006d0700000|
| 158|0x00000006d0800000, 0x00000006d0800000, 0x00000006d0900000|  0%| F|  |TS  0|AC  0|TAMS 0x00000006d0800000, 0x00000006d0800000|
| 159|0x00000006d0900000, 0x00000006d0900000, 0x00000006d0a00000|  0%| F|  |TS  0|AC  0|TAMS 0x00000006d0900000, 0x00000006d0900000|
| 160|0x00000006d0a00000, 0x00000006d0a00000, 0x00000006d0b00000|  0%| F|  |TS  0|AC  0|TAMS 0x00000006d0a00000, 0x00000006d0a00000|
| 161|0x00000006d0b00000, 0x00000006d0b00000, 0x00000006d0c00000|  0%| F|  |TS  0|AC  0|TAMS 0x00000006d0b00000, 0x00000006d0b00000|
| 162|0x00000006d0c00000, 0x00000006d0c00000, 0x00000006d0d00000|  0%| F|  |TS  0|AC  0|TAMS 0x00000006d0c00000, 0x00000006d0c00000|
| 163|0x00000006d0d00000, 0x00000006d0d00000, 0x00000006d0e00000|  0%| F|  |TS  0|AC  0|TAMS 0x00000006d0d00000, 0x00000006d0d00000|
| 164|0x00000006d0e00000, 0x00000006d0e00000, 0x00000006d0f00000|  0%| F|  |TS  0|AC  0|TAMS 0x00000006d0e00000, 0x00000006d0e00000|
| 165|0x00000006d0f00000, 0x00000006d0f00000, 0x00000006d1000000|  0%| F|  |TS  0|AC  0|TAMS 0x00000006d0f00000, 0x00000006d0f00000|
| 166|0x00000006d1000000, 0x00000006d1000000, 0x00000006d1100000|  0%| F|  |TS  0|AC  0|TAMS 0x00000006d1000000, 0x00000006d1000000|
| 167|0x00000006d1100000, 0x00000006d1100000, 0x00000006d1200000|  0%| F|  |TS  0|AC  0|TAMS 0x00000006d1100000, 0x00000006d1100000|
| 168|0x00000006d1200000, 0x00000006d1200000, 0x00000006d1300000|  0%| F|  |TS  0|AC  0|TAMS 0x00000006d1200000, 0x00000006d1200000|
| 169|0x00000006d1300000, 0x00000006d1300000, 0x00000006d1400000|  0%| F|  |TS  0|AC  0|TAMS 0x00000006d1300000, 0x00000006d1300000|
| 170|0x00000006d1400000, 0x00000006d1400000, 0x00000006d1500000|  0%| F|  |TS  0|AC  0|TAMS 0x00000006d1400000, 0x00000006d1400000|
| 171|0x00000006d1500000, 0x00000006d1500000, 0x00000006d1600000|  0%| F|  |TS  0|AC  0|TAMS 0x00000006d1500000, 0x00000006d1500000|
| 172|0x00000006d1600000, 0x00000006d1600000, 0x00000006d1700000|  0%| F|  |TS  0|AC  0|TAMS 0x00000006d1600000, 0x00000006d1600000|
| 173|0x00000006d1700000, 0x00000006d1700000, 0x00000006d1800000|  0%| F|  |TS  0|AC  0|TAMS 0x00000006d1700000, 0x00000006d1700000|
| 174|0x00000006d1800000, 0x00000006d1800000, 0x00000006d1900000|  0%| F|  |TS  0|AC  0|TAMS 0x00000006d1800000, 0x00000006d1800000|
| 175|0x00000006d1900000, 0x00000006d1900000, 0x00000006d1a00000|  0%| F|  |TS  0|AC  0|TAMS 0x00000006d1900000, 0x00000006d1900000|
| 176|0x00000006d1a00000, 0x00000006d1a00000, 0x00000006d1b00000|  0%| F|  |TS  0|AC  0|TAMS 0x00000006d1a00000, 0x00000006d1a00000|
| 177|0x00000006d1b00000, 0x00000006d1b00000, 0x00000006d1c00000|  0%| F|  |TS  0|AC  0|TAMS 0x00000006d1b00000, 0x00000006d1b00000|
| 178|0x00000006d1c00000, 0x00000006d1c00000, 0x00000006d1d00000|  0%| F|  |TS  0|AC  0|TAMS 0x00000006d1c00000, 0x00000006d1c00000|
| 179|0x00000006d1d00000, 0x00000006d1d00000, 0x00000006d1e00000|  0%| F|  |TS  0|AC  0|TAMS 0x00000006d1d00000, 0x00000006d1d00000|
| 180|0x00000006d1e00000, 0x00000006d1e00000, 0x00000006d1f00000|  0%| F|  |TS  0|AC  0|TAMS 0x00000006d1e00000, 0x00000006d1e00000|
| 181|0x00000006d1f00000, 0x00000006d1f00000, 0x00000006d2000000|  0%| F|  |TS  0|AC  0|TAMS 0x00000006d1f00000, 0x00000006d1f00000|
| 182|0x00000006d2000000, 0x00000006d2000000, 0x00000006d2100000|  0%| F|  |TS  0|AC  0|TAMS 0x00000006d2000000, 0x00000006d2000000|
| 183|0x00000006d2100000, 0x00000006d2100000, 0x00000006d2200000|  0%| F|  |TS  0|AC  0|TAMS 0x00000006d2100000, 0x00000006d2100000|
| 184|0x00000006d2200000, 0x00000006d2200000, 0x00000006d2300000|  0%| F|  |TS  0|AC  0|TAMS 0x00000006d2200000, 0x00000006d2200000|
| 185|0x00000006d2300000, 0x00000006d2300000, 0x00000006d2400000|  0%| F|  |TS  0|AC  0|TAMS 0x00000006d2300000, 0x00000006d2300000|
| 186|0x00000006d2400000, 0x00000006d2400000, 0x00000006d2500000|  0%| F|  |TS  0|AC  0|TAMS 0x00000006d2400000, 0x00000006d2400000|
| 187|0x00000006d2500000, 0x00000006d2500000, 0x00000006d2600000|  0%| F|  |TS  0|AC  0|TAMS 0x00000006d2500000, 0x00000006d2500000|
| 188|0x00000006d2600000, 0x00000006d2600000, 0x00000006d2700000|  0%| F|  |TS  0|AC  0|TAMS 0x00000006d2600000, 0x00000006d2600000|
| 189|0x00000006d2700000, 0x00000006d2700000, 0x00000006d2800000|  0%| F|  |TS  0|AC  0|TAMS 0x00000006d2700000, 0x00000006d2700000|
| 190|0x00000006d2800000, 0x00000006d2800000, 0x00000006d2900000|  0%| F|  |TS  0|AC  0|TAMS 0x00000006d2800000, 0x00000006d2800000|
| 191|0x00000006d2900000, 0x00000006d2900000, 0x00000006d2a00000|  0%| F|  |TS  0|AC  0|TAMS 0x00000006d2900000, 0x00000006d2900000|
| 192|0x00000006d2a00000, 0x00000006d2a00000, 0x00000006d2b00000|  0%| F|  |TS  0|AC  0|TAMS 0x00000006d2a00000, 0x00000006d2a00000|
| 193|0x00000006d2b00000, 0x00000006d2b00000, 0x00000006d2c00000|  0%| F|  |TS  0|AC  0|TAMS 0x00000006d2b00000, 0x00000006d2b00000|
| 194|0x00000006d2c00000, 0x00000006d2c00000, 0x00000006d2d00000|  0%| F|  |TS  0|AC  0|TAMS 0x00000006d2c00000, 0x00000006d2c00000|
| 195|0x00000006d2d00000, 0x00000006d2d00000, 0x00000006d2e00000|  0%| F|  |TS  0|AC  0|TAMS 0x00000006d2d00000, 0x00000006d2d00000|
| 196|0x00000006d2e00000, 0x00000006d2e00000, 0x00000006d2f00000|  0%| F|  |TS  0|AC  0|TAMS 0x00000006d2e00000, 0x00000006d2e00000|
| 197|0x00000006d2f00000, 0x00000006d2f00000, 0x00000006d3000000|  0%| F|  |TS  0|AC  0|TAMS 0x00000006d2f00000, 0x00000006d2f00000|
| 198|0x00000006d3000000, 0x00000006d3000000, 0x00000006d3100000|  0%| F|  |TS  0|AC  0|TAMS 0x00000006d3000000, 0x00000006d3000000|
| 199|0x00000006d3100000, 0x00000006d3100000, 0x00000006d3200000|  0%| F|  |TS  0|AC  0|TAMS 0x00000006d3100000, 0x00000006d3100000|
| 200|0x00000006d3200000, 0x00000006d3200000, 0x00000006d3300000|  0%| F|  |TS  0|AC  0|TAMS 0x00000006d3200000, 0x00000006d3200000|
| 201|0x00000006d3300000, 0x00000006d3300000, 0x00000006d3400000|  0%| F|  |TS  0|AC  0|TAMS 0x00000006d3300000, 0x00000006d3300000|
| 202|0x00000006d3400000, 0x00000006d3400000, 0x00000006d3500000|  0%| F|  |TS  0|AC  0|TAMS 0x00000006d3400000, 0x00000006d3400000|
| 203|0x00000006d3500000, 0x00000006d3500000, 0x00000006d3600000|  0%| F|  |TS  0|AC  0|TAMS 0x00000006d3500000, 0x00000006d3500000|
| 204|0x00000006d3600000, 0x00000006d3600000, 0x00000006d3700000|  0%| F|  |TS  0|AC  0|TAMS 0x00000006d3600000, 0x00000006d3600000|
| 205|0x00000006d3700000, 0x00000006d3700000, 0x00000006d3800000|  0%| F|  |TS  0|AC  0|TAMS 0x00000006d3700000, 0x00000006d3700000|
| 206|0x00000006d3800000, 0x00000006d3800000, 0x00000006d3900000|  0%| F|  |TS  0|AC  0|TAMS 0x00000006d3800000, 0x00000006d3800000|
| 207|0x00000006d3900000, 0x00000006d3900000, 0x00000006d3a00000|  0%| F|  |TS  0|AC  0|TAMS 0x00000006d3900000, 0x00000006d3900000|
| 208|0x00000006d3a00000, 0x00000006d3a00000, 0x00000006d3b00000|  0%| F|  |TS  0|AC  0|TAMS 0x00000006d3a00000, 0x00000006d3a00000|
| 209|0x00000006d3b00000, 0x00000006d3b00000, 0x00000006d3c00000|  0%| F|  |TS  0|AC  0|TAMS 0x00000006d3b00000, 0x00000006d3b00000|
| 210|0x00000006d3c00000, 0x00000006d3c00000, 0x00000006d3d00000|  0%| F|  |TS  0|AC  0|TAMS 0x00000006d3c00000, 0x00000006d3c00000|
| 211|0x00000006d3d00000, 0x00000006d3d00000, 0x00000006d3e00000|  0%| F|  |TS  0|AC  0|TAMS 0x00000006d3d00000, 0x00000006d3d00000|
| 212|0x00000006d3e00000, 0x00000006d3e00000, 0x00000006d3f00000|  0%| F|  |TS  0|AC  0|TAMS 0x00000006d3e00000, 0x00000006d3e00000|
| 213|0x00000006d3f00000, 0x00000006d3f00000, 0x00000006d4000000|  0%| F|  |TS  0|AC  0|TAMS 0x00000006d3f00000, 0x00000006d3f00000|
| 214|0x00000006d4000000, 0x00000006d4000000, 0x00000006d4100000|  0%| F|  |TS  0|AC  0|TAMS 0x00000006d4000000, 0x00000006d4000000|
| 215|0x00000006d4100000, 0x00000006d4100000, 0x00000006d4200000|  0%| F|  |TS  0|AC  0|TAMS 0x00000006d4100000, 0x00000006d4100000|
| 216|0x00000006d4200000, 0x00000006d4200000, 0x00000006d4300000|  0%| F|  |TS  0|AC  0|TAMS 0x00000006d4200000, 0x00000006d4200000|
| 217|0x00000006d4300000, 0x00000006d4300000, 0x00000006d4400000|  0%| F|  |TS  0|AC  0|TAMS 0x00000006d4300000, 0x00000006d4300000|
| 218|0x00000006d4400000, 0x00000006d4400000, 0x00000006d4500000|  0%| F|  |TS  0|AC  0|TAMS 0x00000006d4400000, 0x00000006d4400000|
| 219|0x00000006d4500000, 0x00000006d4500000, 0x00000006d4600000|  0%| F|  |TS  0|AC  0|TAMS 0x00000006d4500000, 0x00000006d4500000|
| 220|0x00000006d4600000, 0x00000006d4600000, 0x00000006d4700000|  0%| F|  |TS  0|AC  0|TAMS 0x00000006d4600000, 0x00000006d4600000|
| 221|0x00000006d4700000, 0x00000006d4700000, 0x00000006d4800000|  0%| F|  |TS  0|AC  0|TAMS 0x00000006d4700000, 0x00000006d4700000|
| 222|0x00000006d4800000, 0x00000006d4800000, 0x00000006d4900000|  0%| F|  |TS  0|AC  0|TAMS 0x00000006d4800000, 0x00000006d4800000|
| 223|0x00000006d4900000, 0x00000006d4900000, 0x00000006d4a00000|  0%| F|  |TS  0|AC  0|TAMS 0x00000006d4900000, 0x00000006d4900000|
| 224|0x00000006d4a00000, 0x00000006d4a00000, 0x00000006d4b00000|  0%| F|  |TS  0|AC  0|TAMS 0x00000006d4a00000, 0x00000006d4a00000|
| 225|0x00000006d4b00000, 0x00000006d4b00000, 0x00000006d4c00000|  0%| F|  |TS  0|AC  0|TAMS 0x00000006d4b00000, 0x00000006d4b00000|
| 226|0x00000006d4c00000, 0x00000006d4c00000, 0x00000006d4d00000|  0%| F|  |TS  0|AC  0|TAMS 0x00000006d4c00000, 0x00000006d4c00000|
| 227|0x00000006d4d00000, 0x00000006d4d00000, 0x00000006d4e00000|  0%| F|  |TS  0|AC  0|TAMS 0x00000006d4d00000, 0x00000006d4d00000|
| 228|0x00000006d4e00000, 0x00000006d4e00000, 0x00000006d4f00000|  0%| F|  |TS  0|AC  0|TAMS 0x00000006d4e00000, 0x00000006d4e00000|
| 229|0x00000006d4f00000, 0x00000006d4f00000, 0x00000006d5000000|  0%| F|  |TS  0|AC  0|TAMS 0x00000006d4f00000, 0x00000006d4f00000|
| 230|0x00000006d5000000, 0x00000006d5000000, 0x00000006d5100000|  0%| F|  |TS  0|AC  0|TAMS 0x00000006d5000000, 0x00000006d5000000|
| 231|0x00000006d5100000, 0x00000006d5100000, 0x00000006d5200000|  0%| F|  |TS  0|AC  0|TAMS 0x00000006d5100000, 0x00000006d5100000|
| 232|0x00000006d5200000, 0x00000006d5200000, 0x00000006d5300000|  0%| F|  |TS  0|AC  0|TAMS 0x00000006d5200000, 0x00000006d5200000|
| 233|0x00000006d5300000, 0x00000006d5300000, 0x00000006d5400000|  0%| F|  |TS  0|AC  0|TAMS 0x00000006d5300000, 0x00000006d5300000|
| 234|0x00000006d5400000, 0x00000006d5400000, 0x00000006d5500000|  0%| F|  |TS  0|AC  0|TAMS 0x00000006d5400000, 0x00000006d5400000|
| 235|0x00000006d5500000, 0x00000006d5500000, 0x00000006d5600000|  0%| F|  |TS  0|AC  0|TAMS 0x00000006d5500000, 0x00000006d5500000|
| 236|0x00000006d5600000, 0x00000006d5600000, 0x00000006d5700000|  0%| F|  |TS  0|AC  0|TAMS 0x00000006d5600000, 0x00000006d5600000|
| 237|0x00000006d5700000, 0x00000006d5700000, 0x00000006d5800000|  0%| F|  |TS  0|AC  0|TAMS 0x00000006d5700000, 0x00000006d5700000|
| 238|0x00000006d5800000, 0x00000006d5800000, 0x00000006d5900000|  0%| F|  |TS  0|AC  0|TAMS 0x00000006d5800000, 0x00000006d5800000|
| 239|0x00000006d5900000, 0x00000006d5900000, 0x00000006d5a00000|  0%| F|  |TS  0|AC  0|TAMS 0x00000006d5900000, 0x00000006d5900000|
| 240|0x00000006d5a00000, 0x00000006d5a90800, 0x00000006d5b00000| 56%| E|  |TS  0|AC  0|TAMS 0x00000006d5a00000, 0x00000006d5a00000|
| 241|0x00000006d5b00000, 0x00000006d5c00000, 0x00000006d5c00000|100%| E|CS|TS  0|AC  0|TAMS 0x00000006d5b00000, 0x00000006d5b00000|
| 242|0x00000006d5c00000, 0x00000006d5d00000, 0x00000006d5d00000|100%| E|CS|TS  0|AC  0|TAMS 0x00000006d5c00000, 0x00000006d5c00000|
| 243|0x00000006d5d00000, 0x00000006d5e00000, 0x00000006d5e00000|100%| E|CS|TS  0|AC  0|TAMS 0x00000006d5d00000, 0x00000006d5d00000|
| 244|0x00000006d5e00000, 0x00000006d5f00000, 0x00000006d5f00000|100%| E|CS|TS  0|AC  0|TAMS 0x00000006d5e00000, 0x00000006d5e00000|
| 245|0x00000006d5f00000, 0x00000006d6000000, 0x00000006d6000000|100%| E|CS|TS  0|AC  0|TAMS 0x00000006d5f00000, 0x00000006d5f00000|
| 246|0x00000006d6000000, 0x00000006d6100000, 0x00000006d6100000|100%| E|CS|TS  0|AC  0|TAMS 0x00000006d6000000, 0x00000006d6000000|
| 247|0x00000006d6100000, 0x00000006d6200000, 0x00000006d6200000|100%| E|CS|TS  0|AC  0|TAMS 0x00000006d6100000, 0x00000006d6100000|
| 248|0x00000006d6200000, 0x00000006d6300000, 0x00000006d6300000|100%| E|CS|TS  0|AC  0|TAMS 0x00000006d6200000, 0x00000006d6200000|
| 249|0x00000006d6300000, 0x00000006d6400000, 0x00000006d6400000|100%| E|CS|TS  0|AC  0|TAMS 0x00000006d6300000, 0x00000006d6300000|

Card table byte_map: [0x00007fc0a669d000,0x00007fc0a6e68000] byte_map_base: 0x00007fc0a3068000

Marking Bits (Prev, Next): (CMBitMap*) 0x00007fc0e0081840, (CMBitMap*) 0x00007fc0e0081878
 Prev Bits: [0x00007fc09c1a8000, 0x00007fc0a0000000)
 Next Bits: [0x00007fc0941a8000, 0x00007fc098000000)

Polling page: 0x00007fc0e70fb000

CodeHeap 'non-profiled nmethods': size=120032Kb used=180Kb max_used=180Kb free=119851Kb
 bounds [0x00007fc0cc6be000, 0x00007fc0cc92e000, 0x00007fc0d3bf6000]
CodeHeap 'profiled nmethods': size=120032Kb used=991Kb max_used=991Kb free=119041Kb
 bounds [0x00007fc0c5186000, 0x00007fc0c53f6000, 0x00007fc0cc6be000]
CodeHeap 'non-nmethods': size=5696Kb used=1186Kb max_used=1202Kb free=4509Kb
 bounds [0x00007fc0c4bf6000, 0x00007fc0c4e66000, 0x00007fc0c5186000]
 total_blobs=1031 nmethods=568 adapters=261
 compilation: enabled

Compilation events (10 events):
Event: 0,757 Thread 0x00007fc0e0228000  561       3       java.lang.invoke.MethodType$ConcurrentWeakInternSet::add (66 bytes)
Event: 0,758 Thread 0x00007fc0e0228000 nmethod 561 0x00007fc0c5279310 code [0x00007fc0c52795a0, 0x00007fc0c527a4a8]
Event: 0,758 Thread 0x00007fc0e0228000  565       3       jdk.internal.org.objectweb.asm.ByteVector::<init> (13 bytes)
Event: 0,758 Thread 0x00007fc0e0228000 nmethod 565 0x00007fc0c527a990 code [0x00007fc0c527ab40, 0x00007fc0c527adf0]
Event: 0,758 Thread 0x00007fc0e0228000  566       3       jdk.internal.org.objectweb.asm.ByteVector::putByteArray (49 bytes)
Event: 0,758 Thread 0x00007fc0e0228000 nmethod 566 0x00007fc0c527ae90 code [0x00007fc0c527b060, 0x00007fc0c527b378]
Event: 0,760 Thread 0x00007fc0e0228000  567       3       java.lang.invoke.LambdaForm::forceInterpretation (14 bytes)
Event: 0,760 Thread 0x00007fc0e0228000 nmethod 567 0x00007fc0c527b490 code [0x00007fc0c527b640, 0x00007fc0c527b7f0]
Event: 0,765 Thread 0x00007fc0e0228000  568       3       java.lang.invoke.MemberName::getMethodOrFieldType (72 bytes)
Event: 0,767 Thread 0x00007fc0e0228000 nmethod 568 0x00007fc0c527b890 code [0x00007fc0c527bc00, 0x00007fc0c527d588]

GC Heap History (0 events):
No events

Deoptimization events (1 events):
Event: 0,497 Thread 0x00007fc0e0016000 Uncommon trap: reason=unstable_if action=reinterpret pc=0x00007fc0cc6c8fa0 method=java.lang.String.charAt(I)C @ 4 c2

Classes redefined (5 events):
Event: 128,660 Thread 0x00007fc0e01f6000 redefined class name=EarliestValidHour, count=1
Event: 866,374 Thread 0x00007fc0e01f6000 redefined class name=EarliestValidHour, count=2
Event: 971,775 Thread 0x00007fc0e01f6000 redefined class name=EarliestValidHour, count=3
Event: 1103,595 Thread 0x00007fc0e01f6000 redefined class name=EarliestValidHour, count=4
Event: 1798,904 Thread 0x00007fc0e01f6000 redefined class name=EarliestValidHour, count=5

Internal exceptions (8 events):
Event: 0,329 Thread 0x00007fc0e0016000 Exception <a 'java/io/FileNotFoundException'{0x00000006d6045b08}> (0x00000006d6045b08) thrown at [/scratch/opt/mach5/mesos/work_dir/slaves/5af44a71-976a-41b7-81de-5773b84ec572-S39643/frameworks/1735e8a2-a1db-478c-8104-60c8b0af87dd-0196/executors/a3f74ad9-
Event: 0,398 Thread 0x00007fc0e0016000 Exception <a 'java/lang/NoSuchMethodError'{0x00000006d5f695a0}: java.lang.invoke.DirectMethodHandle$Holder.invokeInterface(Ljava/lang/Object;Ljava/lang/Object;)Ljava/lang/Object;> (0x00000006d5f695a0) thrown at [/scratch/opt/mach5/mesos/work_dir/slaves/5a
Event: 0,405 Thread 0x00007fc0e0016000 Exception <a 'java/lang/NoSuchMethodError'{0x00000006d5f87ae0}: java.lang.invoke.DirectMethodHandle$Holder.invokeInterface(Ljava/lang/Object;Ljava/lang/Object;Ljava/lang/Object;)I> (0x00000006d5f87ae0) thrown at [/scratch/opt/mach5/mesos/work_dir/slaves/5
Event: 0,455 Thread 0x00007fc0e0016000 Exception <a 'java/lang/NoSuchMethodError'{0x00000006d5e27d80}: java.lang.Object.lambda$negate$3(I)Z> (0x00000006d5e27d80) thrown at [/scratch/opt/mach5/mesos/work_dir/slaves/5af44a71-976a-41b7-81de-5773b84ec572-S39643/frameworks/1735e8a2-a1db-478c-8104-6
Event: 0,456 Thread 0x00007fc0e0016000 Exception <a 'java/lang/NoSuchMethodError'{0x00000006d5e2b418}: java.lang.Object.lambda$union$3(Ljava/util/regex/Pattern$CharPredicate;I)Z> (0x00000006d5e2b418) thrown at [/scratch/opt/mach5/mesos/work_dir/slaves/5af44a71-976a-41b7-81de-5773b84ec572-S3964
Event: 0,467 Thread 0x00007fc0e0016000 Exception <a 'java/lang/NoSuchMethodError'{0x00000006d5e53be8}: java.lang.Object.lambda$union$2(Ljava/util/regex/Pattern$CharPredicate;I)Z> (0x00000006d5e53be8) thrown at [/scratch/opt/mach5/mesos/work_dir/slaves/5af44a71-976a-41b7-81de-5773b84ec572-S3964
Event: 0,520 Thread 0x00007fc0e0016000 Exception <a 'java/lang/NoSuchMethodError'{0x00000006d5d0fd10}: java.lang.invoke.DirectMethodHandle$Holder.invokeStatic(Ljava/lang/Object;Ljava/lang/Object;)I> (0x00000006d5d0fd10) thrown at [/scratch/opt/mach5/mesos/work_dir/slaves/5af44a71-976a-41b7-81d
Event: 0,527 Thread 0x00007fc0e0016000 Exception <a 'java/lang/NoSuchMethodError'{0x00000006d5d1ffe0}: java.lang.Object.of([Ljava/lang/Object;)Ljava/util/stream/Stream;> (0x00000006d5d1ffe0) thrown at [/scratch/opt/mach5/mesos/work_dir/slaves/5af44a71-976a-41b7-81de-5773b84ec572-S39643/framewo

Events (10 events):
Event: 1799,067 Executing VM operation: ChangeBreakpoints done
Event: 1799,068 Executing VM operation: ChangeBreakpoints
Event: 1799,068 Executing VM operation: ChangeBreakpoints done
Event: 1799,083 Executing VM operation: GetFrameCount
Event: 1799,084 Executing VM operation: GetFrameCount done
Event: 1799,084 Executing VM operation: GetFrameLocation
Event: 1799,084 Executing VM operation: GetFrameLocation done
Event: 1799,084 Executing VM operation: GetFrameLocation
Event: 1799,084 Executing VM operation: GetFrameLocation done
Event: 1799,084 Executing VM operation: GetOrSetLocal


Dynamic libraries:
00400000-00401000 r-xp 00000000 08:02 27134424                           /home/jauzmera/java/jdk-9.0.4/bin/java
00600000-00601000 rw-p 00000000 08:02 27134424                           /home/jauzmera/java/jdk-9.0.4/bin/java
0077e000-0079f000 rw-p 00000000 00:00 0                                  [heap]
6c6a00000-6d6400000 rw-p 00000000 00:00 0 
6d6400000-7c0000000 ---p 00000000 00:00 0 
7c0000000-7c0100000 rw-p 00000000 00:00 0 
7c0100000-800000000 ---p 00000000 00:00 0 
7fc04c000000-7fc04c021000 rw-p 00000000 00:00 0 
7fc04c021000-7fc050000000 ---p 00000000 00:00 0 
7fc054000000-7fc054021000 rw-p 00000000 00:00 0 
7fc054021000-7fc058000000 ---p 00000000 00:00 0 
7fc058000000-7fc058021000 rw-p 00000000 00:00 0 
7fc058021000-7fc05c000000 ---p 00000000 00:00 0 
7fc05c000000-7fc05c025000 rw-p 00000000 00:00 0 
7fc05c025000-7fc060000000 ---p 00000000 00:00 0 
7fc060000000-7fc060021000 rw-p 00000000 00:00 0 
7fc060021000-7fc064000000 ---p 00000000 00:00 0 
7fc064000000-7fc064021000 rw-p 00000000 00:00 0 
7fc064021000-7fc068000000 ---p 00000000 00:00 0 
7fc068000000-7fc068021000 rw-p 00000000 00:00 0 
7fc068021000-7fc06c000000 ---p 00000000 00:00 0 
7fc06c000000-7fc06c207000 rw-p 00000000 00:00 0 
7fc06c207000-7fc070000000 ---p 00000000 00:00 0 
7fc070000000-7fc070182000 rw-p 00000000 00:00 0 
7fc070182000-7fc074000000 ---p 00000000 00:00 0 
7fc074000000-7fc074021000 rw-p 00000000 00:00 0 
7fc074021000-7fc078000000 ---p 00000000 00:00 0 
7fc078000000-7fc07813e000 rw-p 00000000 00:00 0 
7fc07813e000-7fc07c000000 ---p 00000000 00:00 0 
7fc07c000000-7fc07c021000 rw-p 00000000 00:00 0 
7fc07c021000-7fc080000000 ---p 00000000 00:00 0 
7fc080000000-7fc080021000 rw-p 00000000 00:00 0 
7fc080021000-7fc084000000 ---p 00000000 00:00 0 
7fc084000000-7fc08403b000 rw-p 00000000 00:00 0 
7fc08403b000-7fc088000000 ---p 00000000 00:00 0 
7fc088000000-7fc088021000 rw-p 00000000 00:00 0 
7fc088021000-7fc08c000000 ---p 00000000 00:00 0 
7fc08d7cf000-7fc08dbbd000 rw-p 00000000 00:00 0 
7fc08dbbd000-7fc08dcfd000 ---p 00000000 00:00 0 
7fc08dcfd000-7fc08dcfe000 ---p 00000000 00:00 0 
7fc08dcfe000-7fc08ddfe000 rw-p 00000000 00:00 0 
7fc08ddfe000-7fc08de02000 ---p 00000000 00:00 0 
7fc08de02000-7fc08deff000 rw-p 00000000 00:00 0 
7fc08deff000-7fc08df03000 ---p 00000000 00:00 0 
7fc08df03000-7fc08e000000 rw-p 00000000 00:00 0 
7fc08e000000-7fc090000000 rwxp 00000000 00:00 0 
7fc090000000-7fc090021000 rw-p 00000000 00:00 0 
7fc090021000-7fc094000000 ---p 00000000 00:00 0 
7fc0940a7000-7fc0940ab000 ---p 00000000 00:00 0 
7fc0940ab000-7fc094590000 rw-p 00000000 00:00 0 
7fc094590000-7fc098000000 ---p 00000000 00:00 0 
7fc098000000-7fc098021000 rw-p 00000000 00:00 0 
7fc098021000-7fc09c000000 ---p 00000000 00:00 0 
7fc09c0a7000-7fc09c0ab000 ---p 00000000 00:00 0 
7fc09c0ab000-7fc09c590000 rw-p 00000000 00:00 0 
7fc09c590000-7fc0a0000000 ---p 00000000 00:00 0 
7fc0a0000000-7fc0a0021000 rw-p 00000000 00:00 0 
7fc0a0021000-7fc0a4000000 ---p 00000000 00:00 0 
7fc0a4027000-7fc0a402b000 r-xp 00000000 08:02 27134555                   /home/jauzmera/java/jdk-9.0.4/lib/libdt_socket.so
7fc0a402b000-7fc0a422a000 ---p 00004000 08:02 27134555                   /home/jauzmera/java/jdk-9.0.4/lib/libdt_socket.so
7fc0a422a000-7fc0a422b000 rw-p 00003000 08:02 27134555                   /home/jauzmera/java/jdk-9.0.4/lib/libdt_socket.so
7fc0a422b000-7fc0a422f000 ---p 00000000 00:00 0 
7fc0a422f000-7fc0a432c000 rw-p 00000000 00:00 0 
7fc0a432c000-7fc0a4342000 r-xp 00000000 08:02 27134511                   /home/jauzmera/java/jdk-9.0.4/lib/libnet.so
7fc0a4342000-7fc0a4542000 ---p 00016000 08:02 27134511                   /home/jauzmera/java/jdk-9.0.4/lib/libnet.so
7fc0a4542000-7fc0a4543000 rw-p 00016000 08:02 27134511                   /home/jauzmera/java/jdk-9.0.4/lib/libnet.so
7fc0a4543000-7fc0a4553000 r-xp 00000000 08:02 27134557                   /home/jauzmera/java/jdk-9.0.4/lib/libnio.so
7fc0a4553000-7fc0a4753000 ---p 00010000 08:02 27134557                   /home/jauzmera/java/jdk-9.0.4/lib/libnio.so
7fc0a4753000-7fc0a4754000 rw-p 00010000 08:02 27134557                   /home/jauzmera/java/jdk-9.0.4/lib/libnio.so
7fc0a4754000-7fc0a4758000 ---p 00000000 00:00 0 
7fc0a4758000-7fc0a4855000 rw-p 00000000 00:00 0 
7fc0a4855000-7fc0a4859000 ---p 00000000 00:00 0 
7fc0a4859000-7fc0a4956000 rw-p 00000000 00:00 0 
7fc0a4956000-7fc0a495a000 ---p 00000000 00:00 0 
7fc0a495a000-7fc0a4a57000 rw-p 00000000 00:00 0 
7fc0a4a57000-7fc0a4a5b000 ---p 00000000 00:00 0 
7fc0a4a5b000-7fc0a4b58000 rw-p 00000000 00:00 0 
7fc0a4b58000-7fc0a4b5c000 ---p 00000000 00:00 0 
7fc0a4b5c000-7fc0a4c59000 rw-p 00000000 00:00 0 
7fc0a4c59000-7fc0a4c5d000 ---p 00000000 00:00 0 
7fc0a4c5d000-7fc0a4d5a000 rw-p 00000000 00:00 0 
7fc0a4d5a000-7fc0a4d5e000 ---p 00000000 00:00 0 
7fc0a4d5e000-7fc0a4e5b000 rw-p 00000000 00:00 0 
7fc0a4e5b000-7fc0a4e5c000 ---p 00000000 00:00 0 
7fc0a4e5c000-7fc0a57d2000 rw-p 00000000 00:00 0 
7fc0a57d2000-7fc0a5bd6000 rw-p 00000000 00:00 0 
7fc0a5bd6000-7fc0a5bd7000 ---p 00000000 00:00 0 
7fc0a5bd7000-7fc0a5cd7000 rw-p 00000000 00:00 0 
7fc0a5cd7000-7fc0a5cd8000 ---p 00000000 00:00 0 
7fc0a5cd8000-7fc0a5f4f000 rw-p 00000000 00:00 0 
7fc0a5f4f000-7fc0a669d000 ---p 00000000 00:00 0 
7fc0a669d000-7fc0a671a000 rw-p 00000000 00:00 0 
7fc0a671a000-7fc0a7633000 ---p 00000000 00:00 0 
7fc0a7633000-7fc0a76b0000 rw-p 00000000 00:00 0 
7fc0a76b0000-7fc0a7dfe000 ---p 00000000 00:00 0 
7fc0a7dfe000-7fc0a7dff000 ---p 00000000 00:00 0 
7fc0a7dff000-7fc0a7eff000 rw-p 00000000 00:00 0 
7fc0a7eff000-7fc0a7f00000 ---p 00000000 00:00 0 
7fc0a7f00000-7fc0a8000000 rw-p 00000000 00:00 0 
7fc0a8000000-7fc0a8021000 rw-p 00000000 00:00 0 
7fc0a8021000-7fc0ac000000 ---p 00000000 00:00 0 
7fc0ac000000-7fc0ac021000 rw-p 00000000 00:00 0 
7fc0ac021000-7fc0b0000000 ---p 00000000 00:00 0 
7fc0b0000000-7fc0b0021000 rw-p 00000000 00:00 0 
7fc0b0021000-7fc0b4000000 ---p 00000000 00:00 0 
7fc0b4000000-7fc0b4021000 rw-p 00000000 00:00 0 
7fc0b4021000-7fc0b8000000 ---p 00000000 00:00 0 
7fc0b8000000-7fc0b8021000 rw-p 00000000 00:00 0 
7fc0b8021000-7fc0bc000000 ---p 00000000 00:00 0 
7fc0bc000000-7fc0bc021000 rw-p 00000000 00:00 0 
7fc0bc021000-7fc0c0000000 ---p 00000000 00:00 0 
7fc0c0000000-7fc0c0021000 rw-p 00000000 00:00 0 
7fc0c0021000-7fc0c4000000 ---p 00000000 00:00 0 
7fc0c4000000-7fc0c4001000 ---p 00000000 00:00 0 
7fc0c4001000-7fc0c4101000 rw-p 00000000 00:00 0 
7fc0c4101000-7fc0c4102000 ---p 00000000 00:00 0 
7fc0c4102000-7fc0c4202000 rw-p 00000000 00:00 0 
7fc0c4202000-7fc0c4203000 ---p 00000000 00:00 0 
7fc0c4203000-7fc0c4707000 rw-p 00000000 00:00 0 
7fc0c4707000-7fc0c4708000 ---p 00000000 00:00 0 
7fc0c4708000-7fc0c4808000 rw-p 00000000 00:00 0 
7fc0c4808000-7fc0c4809000 ---p 00000000 00:00 0 
7fc0c4809000-7fc0c4909000 rw-p 00000000 00:00 0 
7fc0c4909000-7fc0c490a000 ---p 00000000 00:00 0 
7fc0c490a000-7fc0c4a0a000 rw-p 00000000 00:00 0 
7fc0c4a0a000-7fc0c4a0b000 ---p 00000000 00:00 0 
7fc0c4a0b000-7fc0c4b10000 rw-p 00000000 00:00 0 
7fc0c4b10000-7fc0c4bf6000 ---p 00000000 00:00 0 
7fc0c4bf6000-7fc0c4e66000 rwxp 00000000 00:00 0 
7fc0c4e66000-7fc0c5186000 ---p 00000000 00:00 0 
7fc0c5186000-7fc0c53f6000 rwxp 00000000 00:00 0 
7fc0c53f6000-7fc0cc6be000 ---p 00000000 00:00 0 
7fc0cc6be000-7fc0cc92e000 rwxp 00000000 00:00 0 
7fc0cc92e000-7fc0d3bf6000 ---p 00000000 00:00 0 
7fc0d3bf6000-7fc0df0b3000 r--s 00000000 08:02 27134538                   /home/jauzmera/java/jdk-9.0.4/lib/modules
7fc0df0b3000-7fc0df0cd000 r-xp 00000000 08:02 27134487                   /home/jauzmera/java/jdk-9.0.4/lib/libjimage.so
7fc0df0cd000-7fc0df2cc000 ---p 0001a000 08:02 27134487                   /home/jauzmera/java/jdk-9.0.4/lib/libjimage.so
7fc0df2cc000-7fc0df2ce000 rw-p 00019000 08:02 27134487                   /home/jauzmera/java/jdk-9.0.4/lib/libjimage.so
7fc0df2ce000-7fc0df2e0000 rw-p 00000000 00:00 0 
7fc0df2e0000-7fc0df2e7000 r-xp 00000000 08:02 27134565                   /home/jauzmera/java/jdk-9.0.4/lib/libzip.so
7fc0df2e7000-7fc0df4e6000 ---p 00007000 08:02 27134565                   /home/jauzmera/java/jdk-9.0.4/lib/libzip.so
7fc0df4e6000-7fc0df4e7000 rw-p 00006000 08:02 27134565                   /home/jauzmera/java/jdk-9.0.4/lib/libzip.so
7fc0df4e7000-7fc0df4f2000 r-xp 00000000 08:02 15990973                   /lib/x86_64-linux-gnu/libnss_files-2.23.so
7fc0df4f2000-7fc0df6f1000 ---p 0000b000 08:02 15990973                   /lib/x86_64-linux-gnu/libnss_files-2.23.so
7fc0df6f1000-7fc0df6f2000 r--p 0000a000 08:02 15990973                   /lib/x86_64-linux-gnu/libnss_files-2.23.so
7fc0df6f2000-7fc0df6f3000 rw-p 0000b000 08:02 15990973                   /lib/x86_64-linux-gnu/libnss_files-2.23.so
7fc0df6f3000-7fc0df6f9000 rw-p 00000000 00:00 0 
7fc0df6f9000-7fc0df704000 r-xp 00000000 08:02 15990977                   /lib/x86_64-linux-gnu/libnss_nis-2.23.so
7fc0df704000-7fc0df903000 ---p 0000b000 08:02 15990977                   /lib/x86_64-linux-gnu/libnss_nis-2.23.so
7fc0df903000-7fc0df904000 r--p 0000a000 08:02 15990977                   /lib/x86_64-linux-gnu/libnss_nis-2.23.so
7fc0df904000-7fc0df905000 rw-p 0000b000 08:02 15990977                   /lib/x86_64-linux-gnu/libnss_nis-2.23.so
7fc0df905000-7fc0df91b000 r-xp 00000000 08:02 15990957                   /lib/x86_64-linux-gnu/libnsl-2.23.so
7fc0df91b000-7fc0dfb1a000 ---p 00016000 08:02 15990957                   /lib/x86_64-linux-gnu/libnsl-2.23.so
7fc0dfb1a000-7fc0dfb1b000 r--p 00015000 08:02 15990957                   /lib/x86_64-linux-gnu/libnsl-2.23.so
7fc0dfb1b000-7fc0dfb1c000 rw-p 00016000 08:02 15990957                   /lib/x86_64-linux-gnu/libnsl-2.23.so
7fc0dfb1c000-7fc0dfb1e000 rw-p 00000000 00:00 0 
7fc0dfb1e000-7fc0dfb26000 r-xp 00000000 08:02 15990968                   /lib/x86_64-linux-gnu/libnss_compat-2.23.so
7fc0dfb26000-7fc0dfd25000 ---p 00008000 08:02 15990968                   /lib/x86_64-linux-gnu/libnss_compat-2.23.so
7fc0dfd25000-7fc0dfd26000 r--p 00007000 08:02 15990968                   /lib/x86_64-linux-gnu/libnss_compat-2.23.so
7fc0dfd26000-7fc0dfd27000 rw-p 00008000 08:02 15990968                   /lib/x86_64-linux-gnu/libnss_compat-2.23.so
7fc0dfd27000-7fc0e0000000 r--p 00000000 08:02 15467989                   /usr/lib/locale/locale-archive
7fc0e0000000-7fc0e0450000 rw-p 00000000 00:00 0 
7fc0e0450000-7fc0e4000000 ---p 00000000 00:00 0 
7fc0e4067000-7fc0e40c7000 rw-p 00000000 00:00 0 
7fc0e40c7000-7fc0e41ad000 ---p 00000000 00:00 0 
7fc0e41ad000-7fc0e41b7000 r-xp 00000000 08:02 27134502                   /home/jauzmera/java/jdk-9.0.4/lib/libinstrument.so
7fc0e41b7000-7fc0e43b6000 ---p 0000a000 08:02 27134502                   /home/jauzmera/java/jdk-9.0.4/lib/libinstrument.so
7fc0e43b6000-7fc0e43b7000 rw-p 00009000 08:02 27134502                   /home/jauzmera/java/jdk-9.0.4/lib/libinstrument.so
7fc0e43b7000-7fc0e43f2000 r-xp 00000000 08:02 27134549                   /home/jauzmera/java/jdk-9.0.4/lib/libjdwp.so
7fc0e43f2000-7fc0e45f1000 ---p 0003b000 08:02 27134549                   /home/jauzmera/java/jdk-9.0.4/lib/libjdwp.so
7fc0e45f1000-7fc0e45f2000 rw-p 0003a000 08:02 27134549                   /home/jauzmera/java/jdk-9.0.4/lib/libjdwp.so
7fc0e45f2000-7fc0e45f3000 rw-p 00000000 00:00 0 
7fc0e45f3000-7fc0e461e000 r-xp 00000000 08:02 27134504                   /home/jauzmera/java/jdk-9.0.4/lib/libjava.so
7fc0e461e000-7fc0e481d000 ---p 0002b000 08:02 27134504                   /home/jauzmera/java/jdk-9.0.4/lib/libjava.so
7fc0e481d000-7fc0e481f000 rw-p 0002a000 08:02 27134504                   /home/jauzmera/java/jdk-9.0.4/lib/libjava.so
7fc0e481f000-7fc0e482c000 r-xp 00000000 08:02 27134523                   /home/jauzmera/java/jdk-9.0.4/lib/libverify.so
7fc0e482c000-7fc0e4a2b000 ---p 0000d000 08:02 27134523                   /home/jauzmera/java/jdk-9.0.4/lib/libverify.so
7fc0e4a2b000-7fc0e4a2d000 rw-p 0000c000 08:02 27134523                   /home/jauzmera/java/jdk-9.0.4/lib/libverify.so
7fc0e4a2d000-7fc0e4a34000 r-xp 00000000 08:02 15990978                   /lib/x86_64-linux-gnu/librt-2.23.so
7fc0e4a34000-7fc0e4c33000 ---p 00007000 08:02 15990978                   /lib/x86_64-linux-gnu/librt-2.23.so
7fc0e4c33000-7fc0e4c34000 r--p 00006000 08:02 15990978                   /lib/x86_64-linux-gnu/librt-2.23.so
7fc0e4c34000-7fc0e4c35000 rw-p 00007000 08:02 15990978                   /lib/x86_64-linux-gnu/librt-2.23.so
7fc0e4c35000-7fc0e4d3d000 r-xp 00000000 08:02 15990956                   /lib/x86_64-linux-gnu/libm-2.23.so
7fc0e4d3d000-7fc0e4f3c000 ---p 00108000 08:02 15990956                   /lib/x86_64-linux-gnu/libm-2.23.so
7fc0e4f3c000-7fc0e4f3d000 r--p 00107000 08:02 15990956                   /lib/x86_64-linux-gnu/libm-2.23.so
7fc0e4f3d000-7fc0e4f3e000 rw-p 00108000 08:02 15990956                   /lib/x86_64-linux-gnu/libm-2.23.so
7fc0e4f3e000-7fc0e5f53000 r-xp 00000000 08:02 27659816                   /home/jauzmera/java/jdk-9.0.4/lib/server/libjvm.so
7fc0e5f53000-7fc0e6152000 ---p 01015000 08:02 27659816                   /home/jauzmera/java/jdk-9.0.4/lib/server/libjvm.so
7fc0e6152000-7fc0e6223000 r--p 01014000 08:02 27659816                   /home/jauzmera/java/jdk-9.0.4/lib/server/libjvm.so
7fc0e6223000-7fc0e625a000 rw-p 010e5000 08:02 27659816                   /home/jauzmera/java/jdk-9.0.4/lib/server/libjvm.so
7fc0e625a000-7fc0e62c3000 rw-p 00000000 00:00 0 
7fc0e62c3000-7fc0e6483000 r-xp 00000000 08:02 15990960                   /lib/x86_64-linux-gnu/libc-2.23.so
7fc0e6483000-7fc0e6683000 ---p 001c0000 08:02 15990960                   /lib/x86_64-linux-gnu/libc-2.23.so
7fc0e6683000-7fc0e6687000 r--p 001c0000 08:02 15990960                   /lib/x86_64-linux-gnu/libc-2.23.so
7fc0e6687000-7fc0e6689000 rw-p 001c4000 08:02 15990960                   /lib/x86_64-linux-gnu/libc-2.23.so
7fc0e6689000-7fc0e668d000 rw-p 00000000 00:00 0 
7fc0e668d000-7fc0e6690000 r-xp 00000000 08:02 15990962                   /lib/x86_64-linux-gnu/libdl-2.23.so
7fc0e6690000-7fc0e688f000 ---p 00003000 08:02 15990962                   /lib/x86_64-linux-gnu/libdl-2.23.so
7fc0e688f000-7fc0e6890000 r--p 00002000 08:02 15990962                   /lib/x86_64-linux-gnu/libdl-2.23.so
7fc0e6890000-7fc0e6891000 rw-p 00003000 08:02 15990962                   /lib/x86_64-linux-gnu/libdl-2.23.so
7fc0e6891000-7fc0e689f000 r-xp 00000000 08:02 27659818                   /home/jauzmera/java/jdk-9.0.4/lib/jli/libjli.so
7fc0e689f000-7fc0e6a9f000 ---p 0000e000 08:02 27659818                   /home/jauzmera/java/jdk-9.0.4/lib/jli/libjli.so
7fc0e6a9f000-7fc0e6aa0000 rw-p 0000e000 08:02 27659818                   /home/jauzmera/java/jdk-9.0.4/lib/jli/libjli.so
7fc0e6aa0000-7fc0e6ab8000 r-xp 00000000 08:02 15990959                   /lib/x86_64-linux-gnu/libpthread-2.23.so
7fc0e6ab8000-7fc0e6cb7000 ---p 00018000 08:02 15990959                   /lib/x86_64-linux-gnu/libpthread-2.23.so
7fc0e6cb7000-7fc0e6cb8000 r--p 00017000 08:02 15990959                   /lib/x86_64-linux-gnu/libpthread-2.23.so
7fc0e6cb8000-7fc0e6cb9000 rw-p 00018000 08:02 15990959                   /lib/x86_64-linux-gnu/libpthread-2.23.so
7fc0e6cb9000-7fc0e6cbd000 rw-p 00000000 00:00 0 
7fc0e6cbd000-7fc0e6cd6000 r-xp 00000000 08:02 15995522                   /lib/x86_64-linux-gnu/libz.so.1.2.8
7fc0e6cd6000-7fc0e6ed5000 ---p 00019000 08:02 15995522                   /lib/x86_64-linux-gnu/libz.so.1.2.8
7fc0e6ed5000-7fc0e6ed6000 r--p 00018000 08:02 15995522                   /lib/x86_64-linux-gnu/libz.so.1.2.8
7fc0e6ed6000-7fc0e6ed7000 rw-p 00019000 08:02 15995522                   /lib/x86_64-linux-gnu/libz.so.1.2.8
7fc0e6ed7000-7fc0e6efd000 r-xp 00000000 08:02 15990958                   /lib/x86_64-linux-gnu/ld-2.23.so
7fc0e6f4c000-7fc0e6f53000 r--s 00000000 08:02 15731702                   /usr/lib/x86_64-linux-gnu/gconv/gconv-modules.cache
7fc0e6f53000-7fc0e6fd8000 rw-p 00000000 00:00 0 
7fc0e6fd8000-7fc0e6fdd000 ---p 00000000 00:00 0 
7fc0e6fdd000-7fc0e70de000 rw-p 00000000 00:00 0 
7fc0e70e3000-7fc0e70e9000 rw-p 00000000 00:00 0 
7fc0e70e9000-7fc0e70f0000 ---p 00000000 00:00 0 
7fc0e70f0000-7fc0e70f2000 r--s 00001000 08:02 27659995                   /home/jauzmera/dev/idea-IC-173.4127.27/lib/rt/debugger-agent-storage.jar
7fc0e70f2000-7fc0e70fa000 rw-s 00000000 08:02 15206324                   /tmp/hsperfdata_jauzmera/10963
7fc0e70fa000-7fc0e70fb000 rw-p 00000000 00:00 0 
7fc0e70fb000-7fc0e70fc000 ---p 00000000 00:00 0 
7fc0e70fc000-7fc0e70fd000 r--p 00025000 08:02 15990958                   /lib/x86_64-linux-gnu/ld-2.23.so
7fc0e70fd000-7fc0e70fe000 rw-p 00026000 08:02 15990958                   /lib/x86_64-linux-gnu/ld-2.23.so
7fc0e70fe000-7fc0e70ff000 rw-p 00000000 00:00 0 
7ffe86de9000-7ffe86e0a000 rw-p 00000000 00:00 0                          [stack]
7ffe86e78000-7ffe86e7b000 r--p 00000000 00:00 0                          [vvar]
7ffe86e7b000-7ffe86e7d000 r-xp 00000000 00:00 0                          [vdso]
ffffffffff600000-ffffffffff601000 r-xp 00000000 00:00 0                  [vsyscall]

VM Arguments:
jvm_args: -agentlib:jdwp=transport=dt_socket,address=127.0.0.1:34209,suspend=y,server=n -ea -Didea.test.cyclic.buffer.size=1048576 -javaagent:/home/jauzmera/dev/idea-IC-173.4127.27/lib/rt/debugger-agent.jar=/tmp/capture.props -Dfile.encoding=UTF-8 
java_command: com.intellij.rt.execution.junit.JUnitStarter -ideVersion5 -junit4 EarliestValidHourTest,testSolution
java_class_path (initial): /home/jauzmera/dev/idea-IC-173.4127.27/lib/idea_rt.jar:/home/jauzmera/dev/idea-IC-173.4127.27/plugins/junit/lib/junit-rt.jar:/home/jauzmera/dev/idea-IC-173.4127.27/plugins/junit/lib/junit5-rt.jar:/home/jauzmera/IdeaProjects/codility/target/test-classes:/home/jauzmera/IdeaProjects/codility/target/classes:/home/jauzmera/.m2/repository/junit/junit/4.12/junit-4.12.jar:/home/jauzmera/.m2/repository/org/hamcrest/hamcrest-core/1.3/hamcrest-core-1.3.jar
Launcher Type: SUN_STANDARD

Logging:
Log output configuration:
#0: stdout all=warning uptime,level,tags
#1: stderr all=off uptime,level,tags

Environment Variables:
JAVA_HOME=/usr/lib/jvm/java-8-oracle
PATH=/home/jauzmera/bin:/home/jauzmera/.local/bin:/usr/local/sbin:/usr/local/bin:/usr/sbin:/usr/bin:/sbin:/bin:/usr/games:/usr/local/games:/snap/bin:/usr/lib/jvm/java-8-oracle/bin:/usr/lib/jvm/java-8-oracle/db/bin:/usr/lib/jvm/java-8-oracle/jre/bin
SHELL=/bin/bash
DISPLAY=:0

Signal Handlers:
SIGSEGV: [libjvm.so+0xd4d370], sa_mask[0]=11111111011111111101111111111110, sa_flags=SA_RESTART|SA_SIGINFO
SIGBUS: [libjvm.so+0xd4d370], sa_mask[0]=11111111011111111101111111111110, sa_flags=SA_RESTART|SA_SIGINFO
SIGFPE: [libjvm.so+0xd4d370], sa_mask[0]=11111111011111111101111111111110, sa_flags=SA_RESTART|SA_SIGINFO
SIGPIPE: [libjvm.so+0xb64780], sa_mask[0]=11111111011111111101111111111110, sa_flags=SA_RESTART|SA_SIGINFO
SIGXFSZ: [libjvm.so+0xb64780], sa_mask[0]=11111111011111111101111111111110, sa_flags=SA_RESTART|SA_SIGINFO
SIGILL: [libjvm.so+0xd4d370], sa_mask[0]=11111111011111111101111111111110, sa_flags=SA_RESTART|SA_SIGINFO
SIGUSR2: [libjvm.so+0xb64640], sa_mask[0]=00100000000000000000000000000000, sa_flags=SA_RESTART|SA_SIGINFO
SIGHUP: [libjvm.so+0xb64850], sa_mask[0]=11111111011111111101111111111110, sa_flags=SA_RESTART|SA_SIGINFO
SIGINT: [libjvm.so+0xb64850], sa_mask[0]=11111111011111111101111111111110, sa_flags=SA_RESTART|SA_SIGINFO
SIGTERM: [libjvm.so+0xb64850], sa_mask[0]=11111111011111111101111111111110, sa_flags=SA_RESTART|SA_SIGINFO
SIGQUIT: [libjvm.so+0xb64850], sa_mask[0]=11111111011111111101111111111110, sa_flags=SA_RESTART|SA_SIGINFO


---------------  S Y S T E M  ---------------

OS:DISTRIB_ID=Ubuntu
DISTRIB_RELEASE=16.04
DISTRIB_CODENAME=xenial
DISTRIB_DESCRIPTION="Ubuntu 16.04.4 LTS"
uname:Linux 4.13.0-37-generic #42~16.04.1-Ubuntu SMP Wed Mar 7 16:03:28 UTC 2018 x86_64
libc:glibc 2.23 NPTL 2.23 
rlimit: STACK 8192k, CORE 0k, NPROC 62872, NOFILE 1048576, AS infinity
load average:0,83 0,77 0,93

/proc/meminfo:
MemTotal:       16338956 kB
MemFree:         5137848 kB
MemAvailable:    8756608 kB
Buffers:          465196 kB
Cached:          3321504 kB
SwapCached:            0 kB
Active:          7100032 kB
Inactive:        3459432 kB
Active(anon):    5884928 kB
Inactive(anon):   997956 kB
Active(file):    1215104 kB
Inactive(file):  2461476 kB
Unevictable:         980 kB
Mlocked:             980 kB
SwapTotal:       8300540 kB
SwapFree:        8300540 kB
Dirty:              9524 kB
Writeback:             0 kB
AnonPages:       6773692 kB
Mapped:          1135592 kB
Shmem:           1000068 kB
Slab:             383712 kB
SReclaimable:     282308 kB
SUnreclaim:       101404 kB
KernelStack:       23748 kB
PageTables:        99200 kB
NFS_Unstable:          0 kB
Bounce:                0 kB
WritebackTmp:          0 kB
CommitLimit:    16470016 kB
Committed_AS:   19048404 kB
VmallocTotal:   34359738367 kB
VmallocUsed:           0 kB
VmallocChunk:          0 kB
HardwareCorrupted:     0 kB
AnonHugePages:         0 kB
ShmemHugePages:        0 kB
ShmemPmdMapped:        0 kB
CmaTotal:              0 kB
CmaFree:               0 kB
HugePages_Total:       0
HugePages_Free:        0
HugePages_Rsvd:        0
HugePages_Surp:        0
Hugepagesize:       2048 kB
DirectMap4k:      283584 kB
DirectMap2M:    10115072 kB
DirectMap1G:     7340032 kB


CPU:total 4 (initial active 4) (2 cores per cpu, 2 threads per core) family 6 model 61 stepping 4, cmov, cx8, fxsr, mmx, sse, sse2, sse3, ssse3, sse4.1, sse4.2, popcnt, avx, avx2, aes, clmul, erms, 3dnowpref, lzcnt, ht, tsc, tscinvbit, bmi1, bmi2, adx, fma
CPU Model and flags from /proc/cpuinfo:
model name	: Intel(R) Core(TM) i7-5500U CPU @ 2.40GHz
flags		: fpu vme de pse tsc msr pae mce cx8 apic sep mtrr pge mca cmov pat pse36 clflush dts acpi mmx fxsr sse sse2 ss ht tm pbe syscall nx pdpe1gb rdtscp lm constant_tsc arch_perfmon pebs bts rep_good nopl xtopology nonstop_tsc cpuid aperfmperf pni pclmulqdq dtes64 monitor ds_cpl vmx est tm2 ssse3 sdbg fma cx16 xtpr pdcm pcid sse4_1 sse4_2 x2apic movbe popcnt aes xsave avx f16c rdrand lahf_lm abm 3dnowprefetch cpuid_fault epb invpcid_single pti retpoline intel_pt tpr_shadow vnmi flexpriority ept vpid fsgsbase tsc_adjust bmi1 avx2 smep bmi2 erms invpcid rdseed adx smap xsaveopt dtherm ida arat pln pts

Memory: 4k page, physical 16338956k(5137848k free), swap 8300540k(8300540k free)

vm_info: Java HotSpot(TM) 64-Bit Server VM (9.0.4+11) for linux-amd64 JRE (9.0.4+11), built on Dec 19 2017 18:12:19 by "mach5one" with gcc 4.9.2

END.
